Classic Timing Analyzer report for sled_4
Wed Nov 04 19:38:28 2020
Quartus II 64-Bit Version 9.1 Build 222 10/21/2009 SJ Full Version


---------------------
; Table of Contents ;
---------------------
  1. Legal Notice
  2. Timing Analyzer Summary
  3. Timing Analyzer Settings
  4. Clock Settings Summary
  5. Parallel Compilation
  6. Clock Setup: 'clk'
  7. tco
  8. Timing Analyzer Messages



----------------
; Legal Notice ;
----------------
Copyright (C) 1991-2009 Altera Corporation
Your use of Altera Corporation's design tools, logic functions 
and other software and tools, and its AMPP partner logic 
functions, and any output files from any of the foregoing 
(including device programming or simulation files), and any 
associated documentation or information are expressly subject 
to the terms and conditions of the Altera Program License 
Subscription Agreement, Altera MegaCore Function License 
Agreement, or other applicable license agreement, including, 
without limitation, that your use is for the sole purpose of 
programming logic devices manufactured by Altera and sold by 
Altera or its authorized distributors.  Please refer to the 
applicable agreement for further details.



+------------------------------------------------------------------------------------------------------------------------------------------------+
; Timing Analyzer Summary                                                                                                                        ;
+------------------------------+-------+---------------+----------------------------------+------+--------+------------+----------+--------------+
; Type                         ; Slack ; Required Time ; Actual Time                      ; From ; To     ; From Clock ; To Clock ; Failed Paths ;
+------------------------------+-------+---------------+----------------------------------+------+--------+------------+----------+--------------+
; Worst-case tco               ; N/A   ; None          ; 10.958 ns                        ; a[1] ; dig[1] ; clk        ; --       ; 0            ;
; Clock Setup: 'clk'           ; N/A   ; None          ; 231.86 MHz ( period = 4.313 ns ) ; b[7] ; b[9]   ; clk        ; clk      ; 0            ;
; Total number of failed paths ;       ;               ;                                  ;      ;        ;            ;          ; 0            ;
+------------------------------+-------+---------------+----------------------------------+------+--------+------------+----------+--------------+


+-----------------------------------------------------------------------------------------------------------------------------------------------------+
; Timing Analyzer Settings                                                                                                                            ;
+------------------------------------------------------------------------------------------------------+--------------------+------+----+-------------+
; Option                                                                                               ; Setting            ; From ; To ; Entity Name ;
+------------------------------------------------------------------------------------------------------+--------------------+------+----+-------------+
; Device Name                                                                                          ; EP2C8Q208C8        ;      ;    ;             ;
; Timing Models                                                                                        ; Final              ;      ;    ;             ;
; Default hold multicycle                                                                              ; Same as Multicycle ;      ;    ;             ;
; Cut paths between unrelated clock domains                                                            ; On                 ;      ;    ;             ;
; Cut off read during write signal paths                                                               ; On                 ;      ;    ;             ;
; Cut off feedback from I/O pins                                                                       ; On                 ;      ;    ;             ;
; Report Combined Fast/Slow Timing                                                                     ; Off                ;      ;    ;             ;
; Ignore Clock Settings                                                                                ; Off                ;      ;    ;             ;
; Analyze latches as synchronous elements                                                              ; On                 ;      ;    ;             ;
; Enable Recovery/Removal analysis                                                                     ; Off                ;      ;    ;             ;
; Enable Clock Latency                                                                                 ; Off                ;      ;    ;             ;
; Use TimeQuest Timing Analyzer                                                                        ; Off                ;      ;    ;             ;
; Minimum Core Junction Temperature                                                                    ; 0                  ;      ;    ;             ;
; Maximum Core Junction Temperature                                                                    ; 85                 ;      ;    ;             ;
; Number of source nodes to report per destination node                                                ; 10                 ;      ;    ;             ;
; Number of destination nodes to report                                                                ; 10                 ;      ;    ;             ;
; Number of paths to report                                                                            ; 200                ;      ;    ;             ;
; Report Minimum Timing Checks                                                                         ; Off                ;      ;    ;             ;
; Use Fast Timing Models                                                                               ; Off                ;      ;    ;             ;
; Report IO Paths Separately                                                                           ; Off                ;      ;    ;             ;
; Perform Multicorner Analysis                                                                         ; On                 ;      ;    ;             ;
; Reports the worst-case path for each clock domain and analysis                                       ; Off                ;      ;    ;             ;
; Reports worst-case timing paths for each clock domain and analysis                                   ; On                 ;      ;    ;             ;
; Specifies the maximum number of worst-case timing paths to report for each clock domain and analysis ; 100                ;      ;    ;             ;
; Removes common clock path pessimism (CCPP) during slack computation                                  ; Off                ;      ;    ;             ;
; Output I/O Timing Endpoint                                                                           ; Near End           ;      ;    ;             ;
+------------------------------------------------------------------------------------------------------+--------------------+------+----+-------------+


+------------------------------------------------------------------------------------------------------------------------------------------------------------------------------------+
; Clock Settings Summary                                                                                                                                                             ;
+-----------------+--------------------+----------+------------------+---------------+--------------+----------+-----------------------+---------------------+--------+--------------+
; Clock Node Name ; Clock Setting Name ; Type     ; Fmax Requirement ; Early Latency ; Late Latency ; Based on ; Multiply Base Fmax by ; Divide Base Fmax by ; Offset ; Phase offset ;
+-----------------+--------------------+----------+------------------+---------------+--------------+----------+-----------------------+---------------------+--------+--------------+
; clk             ;                    ; User Pin ; None             ; 0.000 ns      ; 0.000 ns     ; --       ; N/A                   ; N/A                 ; N/A    ;              ;
+-----------------+--------------------+----------+------------------+---------------+--------------+----------+-----------------------+---------------------+--------+--------------+


+------------------------------------------+
; Parallel Compilation                     ;
+----------------------------+-------------+
; Processors                 ; Number      ;
+----------------------------+-------------+
; Number detected on machine ; 4           ;
; Maximum allowed            ; 4           ;
;                            ;             ;
; Average used               ; 1.00        ;
; Maximum used               ; 1           ;
;                            ;             ;
; Usage by Processor         ; % Time Used ;
;     1 processor            ; 100.0%      ;
;     2-4 processors         ;   0.0%      ;
+----------------------------+-------------+


+------------------------------------------------------------------------------------------------------------------------------------------------------------------------------------+
; Clock Setup: 'clk'                                                                                                                                                                 ;
+-------+------------------------------------------------+-------+-------+------------+----------+-----------------------------+---------------------------+-------------------------+
; Slack ; Actual fmax (period)                           ; From  ; To    ; From Clock ; To Clock ; Required Setup Relationship ; Required Longest P2P Time ; Actual Longest P2P Time ;
+-------+------------------------------------------------+-------+-------+------------+----------+-----------------------------+---------------------------+-------------------------+
; N/A   ; 231.86 MHz ( period = 4.313 ns )               ; b[7]  ; b[0]  ; clk        ; clk      ; None                        ; None                      ; 4.049 ns                ;
; N/A   ; 231.86 MHz ( period = 4.313 ns )               ; b[7]  ; b[10] ; clk        ; clk      ; None                        ; None                      ; 4.049 ns                ;
; N/A   ; 231.86 MHz ( period = 4.313 ns )               ; b[7]  ; b[7]  ; clk        ; clk      ; None                        ; None                      ; 4.049 ns                ;
; N/A   ; 231.86 MHz ( period = 4.313 ns )               ; b[7]  ; b[6]  ; clk        ; clk      ; None                        ; None                      ; 4.049 ns                ;
; N/A   ; 231.86 MHz ( period = 4.313 ns )               ; b[7]  ; b[4]  ; clk        ; clk      ; None                        ; None                      ; 4.049 ns                ;
; N/A   ; 231.86 MHz ( period = 4.313 ns )               ; b[7]  ; b[5]  ; clk        ; clk      ; None                        ; None                      ; 4.049 ns                ;
; N/A   ; 231.86 MHz ( period = 4.313 ns )               ; b[7]  ; b[2]  ; clk        ; clk      ; None                        ; None                      ; 4.049 ns                ;
; N/A   ; 231.86 MHz ( period = 4.313 ns )               ; b[7]  ; b[3]  ; clk        ; clk      ; None                        ; None                      ; 4.049 ns                ;
; N/A   ; 231.86 MHz ( period = 4.313 ns )               ; b[7]  ; b[1]  ; clk        ; clk      ; None                        ; None                      ; 4.049 ns                ;
; N/A   ; 231.86 MHz ( period = 4.313 ns )               ; b[7]  ; b[8]  ; clk        ; clk      ; None                        ; None                      ; 4.049 ns                ;
; N/A   ; 231.86 MHz ( period = 4.313 ns )               ; b[7]  ; b[9]  ; clk        ; clk      ; None                        ; None                      ; 4.049 ns                ;
; N/A   ; 249.13 MHz ( period = 4.014 ns )               ; b[3]  ; b[0]  ; clk        ; clk      ; None                        ; None                      ; 3.750 ns                ;
; N/A   ; 249.13 MHz ( period = 4.014 ns )               ; b[3]  ; b[10] ; clk        ; clk      ; None                        ; None                      ; 3.750 ns                ;
; N/A   ; 249.13 MHz ( period = 4.014 ns )               ; b[3]  ; b[7]  ; clk        ; clk      ; None                        ; None                      ; 3.750 ns                ;
; N/A   ; 249.13 MHz ( period = 4.014 ns )               ; b[3]  ; b[6]  ; clk        ; clk      ; None                        ; None                      ; 3.750 ns                ;
; N/A   ; 249.13 MHz ( period = 4.014 ns )               ; b[3]  ; b[4]  ; clk        ; clk      ; None                        ; None                      ; 3.750 ns                ;
; N/A   ; 249.13 MHz ( period = 4.014 ns )               ; b[3]  ; b[5]  ; clk        ; clk      ; None                        ; None                      ; 3.750 ns                ;
; N/A   ; 249.13 MHz ( period = 4.014 ns )               ; b[3]  ; b[2]  ; clk        ; clk      ; None                        ; None                      ; 3.750 ns                ;
; N/A   ; 249.13 MHz ( period = 4.014 ns )               ; b[3]  ; b[3]  ; clk        ; clk      ; None                        ; None                      ; 3.750 ns                ;
; N/A   ; 249.13 MHz ( period = 4.014 ns )               ; b[3]  ; b[1]  ; clk        ; clk      ; None                        ; None                      ; 3.750 ns                ;
; N/A   ; 249.13 MHz ( period = 4.014 ns )               ; b[3]  ; b[8]  ; clk        ; clk      ; None                        ; None                      ; 3.750 ns                ;
; N/A   ; 249.13 MHz ( period = 4.014 ns )               ; b[3]  ; b[9]  ; clk        ; clk      ; None                        ; None                      ; 3.750 ns                ;
; N/A   ; 253.42 MHz ( period = 3.946 ns )               ; b[6]  ; b[0]  ; clk        ; clk      ; None                        ; None                      ; 3.682 ns                ;
; N/A   ; 253.42 MHz ( period = 3.946 ns )               ; b[6]  ; b[10] ; clk        ; clk      ; None                        ; None                      ; 3.682 ns                ;
; N/A   ; 253.42 MHz ( period = 3.946 ns )               ; b[6]  ; b[7]  ; clk        ; clk      ; None                        ; None                      ; 3.682 ns                ;
; N/A   ; 253.42 MHz ( period = 3.946 ns )               ; b[6]  ; b[6]  ; clk        ; clk      ; None                        ; None                      ; 3.682 ns                ;
; N/A   ; 253.42 MHz ( period = 3.946 ns )               ; b[6]  ; b[4]  ; clk        ; clk      ; None                        ; None                      ; 3.682 ns                ;
; N/A   ; 253.42 MHz ( period = 3.946 ns )               ; b[6]  ; b[5]  ; clk        ; clk      ; None                        ; None                      ; 3.682 ns                ;
; N/A   ; 253.42 MHz ( period = 3.946 ns )               ; b[6]  ; b[2]  ; clk        ; clk      ; None                        ; None                      ; 3.682 ns                ;
; N/A   ; 253.42 MHz ( period = 3.946 ns )               ; b[6]  ; b[3]  ; clk        ; clk      ; None                        ; None                      ; 3.682 ns                ;
; N/A   ; 253.42 MHz ( period = 3.946 ns )               ; b[6]  ; b[1]  ; clk        ; clk      ; None                        ; None                      ; 3.682 ns                ;
; N/A   ; 253.42 MHz ( period = 3.946 ns )               ; b[6]  ; b[8]  ; clk        ; clk      ; None                        ; None                      ; 3.682 ns                ;
; N/A   ; 253.42 MHz ( period = 3.946 ns )               ; b[6]  ; b[9]  ; clk        ; clk      ; None                        ; None                      ; 3.682 ns                ;
; N/A   ; 257.33 MHz ( period = 3.886 ns )               ; b[5]  ; b[0]  ; clk        ; clk      ; None                        ; None                      ; 3.622 ns                ;
; N/A   ; 257.33 MHz ( period = 3.886 ns )               ; b[5]  ; b[10] ; clk        ; clk      ; None                        ; None                      ; 3.622 ns                ;
; N/A   ; 257.33 MHz ( period = 3.886 ns )               ; b[5]  ; b[7]  ; clk        ; clk      ; None                        ; None                      ; 3.622 ns                ;
; N/A   ; 257.33 MHz ( period = 3.886 ns )               ; b[5]  ; b[6]  ; clk        ; clk      ; None                        ; None                      ; 3.622 ns                ;
; N/A   ; 257.33 MHz ( period = 3.886 ns )               ; b[5]  ; b[4]  ; clk        ; clk      ; None                        ; None                      ; 3.622 ns                ;
; N/A   ; 257.33 MHz ( period = 3.886 ns )               ; b[5]  ; b[5]  ; clk        ; clk      ; None                        ; None                      ; 3.622 ns                ;
; N/A   ; 257.33 MHz ( period = 3.886 ns )               ; b[5]  ; b[2]  ; clk        ; clk      ; None                        ; None                      ; 3.622 ns                ;
; N/A   ; 257.33 MHz ( period = 3.886 ns )               ; b[5]  ; b[3]  ; clk        ; clk      ; None                        ; None                      ; 3.622 ns                ;
; N/A   ; 257.33 MHz ( period = 3.886 ns )               ; b[5]  ; b[1]  ; clk        ; clk      ; None                        ; None                      ; 3.622 ns                ;
; N/A   ; 257.33 MHz ( period = 3.886 ns )               ; b[5]  ; b[8]  ; clk        ; clk      ; None                        ; None                      ; 3.622 ns                ;
; N/A   ; 257.33 MHz ( period = 3.886 ns )               ; b[5]  ; b[9]  ; clk        ; clk      ; None                        ; None                      ; 3.622 ns                ;
; N/A   ; 266.88 MHz ( period = 3.747 ns )               ; b[7]  ; a[1]  ; clk        ; clk      ; None                        ; None                      ; 3.482 ns                ;
; N/A   ; 266.88 MHz ( period = 3.747 ns )               ; b[7]  ; a[0]  ; clk        ; clk      ; None                        ; None                      ; 3.482 ns                ;
; N/A   ; 267.88 MHz ( period = 3.733 ns )               ; b[2]  ; b[0]  ; clk        ; clk      ; None                        ; None                      ; 3.469 ns                ;
; N/A   ; 267.88 MHz ( period = 3.733 ns )               ; b[2]  ; b[10] ; clk        ; clk      ; None                        ; None                      ; 3.469 ns                ;
; N/A   ; 267.88 MHz ( period = 3.733 ns )               ; b[2]  ; b[7]  ; clk        ; clk      ; None                        ; None                      ; 3.469 ns                ;
; N/A   ; 267.88 MHz ( period = 3.733 ns )               ; b[2]  ; b[6]  ; clk        ; clk      ; None                        ; None                      ; 3.469 ns                ;
; N/A   ; 267.88 MHz ( period = 3.733 ns )               ; b[2]  ; b[4]  ; clk        ; clk      ; None                        ; None                      ; 3.469 ns                ;
; N/A   ; 267.88 MHz ( period = 3.733 ns )               ; b[2]  ; b[5]  ; clk        ; clk      ; None                        ; None                      ; 3.469 ns                ;
; N/A   ; 267.88 MHz ( period = 3.733 ns )               ; b[2]  ; b[2]  ; clk        ; clk      ; None                        ; None                      ; 3.469 ns                ;
; N/A   ; 267.88 MHz ( period = 3.733 ns )               ; b[2]  ; b[3]  ; clk        ; clk      ; None                        ; None                      ; 3.469 ns                ;
; N/A   ; 267.88 MHz ( period = 3.733 ns )               ; b[2]  ; b[1]  ; clk        ; clk      ; None                        ; None                      ; 3.469 ns                ;
; N/A   ; 267.88 MHz ( period = 3.733 ns )               ; b[2]  ; b[8]  ; clk        ; clk      ; None                        ; None                      ; 3.469 ns                ;
; N/A   ; 267.88 MHz ( period = 3.733 ns )               ; b[2]  ; b[9]  ; clk        ; clk      ; None                        ; None                      ; 3.469 ns                ;
; N/A   ; 270.12 MHz ( period = 3.702 ns )               ; b[4]  ; b[0]  ; clk        ; clk      ; None                        ; None                      ; 3.438 ns                ;
; N/A   ; 270.12 MHz ( period = 3.702 ns )               ; b[4]  ; b[10] ; clk        ; clk      ; None                        ; None                      ; 3.438 ns                ;
; N/A   ; 270.12 MHz ( period = 3.702 ns )               ; b[4]  ; b[7]  ; clk        ; clk      ; None                        ; None                      ; 3.438 ns                ;
; N/A   ; 270.12 MHz ( period = 3.702 ns )               ; b[4]  ; b[6]  ; clk        ; clk      ; None                        ; None                      ; 3.438 ns                ;
; N/A   ; 270.12 MHz ( period = 3.702 ns )               ; b[4]  ; b[4]  ; clk        ; clk      ; None                        ; None                      ; 3.438 ns                ;
; N/A   ; 270.12 MHz ( period = 3.702 ns )               ; b[4]  ; b[5]  ; clk        ; clk      ; None                        ; None                      ; 3.438 ns                ;
; N/A   ; 270.12 MHz ( period = 3.702 ns )               ; b[4]  ; b[2]  ; clk        ; clk      ; None                        ; None                      ; 3.438 ns                ;
; N/A   ; 270.12 MHz ( period = 3.702 ns )               ; b[4]  ; b[3]  ; clk        ; clk      ; None                        ; None                      ; 3.438 ns                ;
; N/A   ; 270.12 MHz ( period = 3.702 ns )               ; b[4]  ; b[1]  ; clk        ; clk      ; None                        ; None                      ; 3.438 ns                ;
; N/A   ; 270.12 MHz ( period = 3.702 ns )               ; b[4]  ; b[8]  ; clk        ; clk      ; None                        ; None                      ; 3.438 ns                ;
; N/A   ; 270.12 MHz ( period = 3.702 ns )               ; b[4]  ; b[9]  ; clk        ; clk      ; None                        ; None                      ; 3.438 ns                ;
; N/A   ; 290.02 MHz ( period = 3.448 ns )               ; b[3]  ; a[1]  ; clk        ; clk      ; None                        ; None                      ; 3.183 ns                ;
; N/A   ; 290.02 MHz ( period = 3.448 ns )               ; b[3]  ; a[0]  ; clk        ; clk      ; None                        ; None                      ; 3.183 ns                ;
; N/A   ; 291.97 MHz ( period = 3.425 ns )               ; b[0]  ; b[0]  ; clk        ; clk      ; None                        ; None                      ; 3.161 ns                ;
; N/A   ; 291.97 MHz ( period = 3.425 ns )               ; b[0]  ; b[10] ; clk        ; clk      ; None                        ; None                      ; 3.161 ns                ;
; N/A   ; 291.97 MHz ( period = 3.425 ns )               ; b[0]  ; b[7]  ; clk        ; clk      ; None                        ; None                      ; 3.161 ns                ;
; N/A   ; 291.97 MHz ( period = 3.425 ns )               ; b[0]  ; b[6]  ; clk        ; clk      ; None                        ; None                      ; 3.161 ns                ;
; N/A   ; 291.97 MHz ( period = 3.425 ns )               ; b[0]  ; b[4]  ; clk        ; clk      ; None                        ; None                      ; 3.161 ns                ;
; N/A   ; 291.97 MHz ( period = 3.425 ns )               ; b[0]  ; b[5]  ; clk        ; clk      ; None                        ; None                      ; 3.161 ns                ;
; N/A   ; 291.97 MHz ( period = 3.425 ns )               ; b[0]  ; b[2]  ; clk        ; clk      ; None                        ; None                      ; 3.161 ns                ;
; N/A   ; 291.97 MHz ( period = 3.425 ns )               ; b[0]  ; b[3]  ; clk        ; clk      ; None                        ; None                      ; 3.161 ns                ;
; N/A   ; 291.97 MHz ( period = 3.425 ns )               ; b[0]  ; b[1]  ; clk        ; clk      ; None                        ; None                      ; 3.161 ns                ;
; N/A   ; 291.97 MHz ( period = 3.425 ns )               ; b[0]  ; b[8]  ; clk        ; clk      ; None                        ; None                      ; 3.161 ns                ;
; N/A   ; 291.97 MHz ( period = 3.425 ns )               ; b[0]  ; b[9]  ; clk        ; clk      ; None                        ; None                      ; 3.161 ns                ;
; N/A   ; 295.86 MHz ( period = 3.380 ns )               ; b[6]  ; a[1]  ; clk        ; clk      ; None                        ; None                      ; 3.115 ns                ;
; N/A   ; 295.86 MHz ( period = 3.380 ns )               ; b[6]  ; a[0]  ; clk        ; clk      ; None                        ; None                      ; 3.115 ns                ;
; N/A   ; 301.20 MHz ( period = 3.320 ns )               ; b[5]  ; a[1]  ; clk        ; clk      ; None                        ; None                      ; 3.055 ns                ;
; N/A   ; 301.20 MHz ( period = 3.320 ns )               ; b[5]  ; a[0]  ; clk        ; clk      ; None                        ; None                      ; 3.055 ns                ;
; N/A   ; 306.47 MHz ( period = 3.263 ns )               ; b[1]  ; b[0]  ; clk        ; clk      ; None                        ; None                      ; 2.999 ns                ;
; N/A   ; 306.47 MHz ( period = 3.263 ns )               ; b[1]  ; b[10] ; clk        ; clk      ; None                        ; None                      ; 2.999 ns                ;
; N/A   ; 306.47 MHz ( period = 3.263 ns )               ; b[1]  ; b[7]  ; clk        ; clk      ; None                        ; None                      ; 2.999 ns                ;
; N/A   ; 306.47 MHz ( period = 3.263 ns )               ; b[1]  ; b[6]  ; clk        ; clk      ; None                        ; None                      ; 2.999 ns                ;
; N/A   ; 306.47 MHz ( period = 3.263 ns )               ; b[1]  ; b[4]  ; clk        ; clk      ; None                        ; None                      ; 2.999 ns                ;
; N/A   ; 306.47 MHz ( period = 3.263 ns )               ; b[1]  ; b[5]  ; clk        ; clk      ; None                        ; None                      ; 2.999 ns                ;
; N/A   ; 306.47 MHz ( period = 3.263 ns )               ; b[1]  ; b[2]  ; clk        ; clk      ; None                        ; None                      ; 2.999 ns                ;
; N/A   ; 306.47 MHz ( period = 3.263 ns )               ; b[1]  ; b[3]  ; clk        ; clk      ; None                        ; None                      ; 2.999 ns                ;
; N/A   ; 306.47 MHz ( period = 3.263 ns )               ; b[1]  ; b[1]  ; clk        ; clk      ; None                        ; None                      ; 2.999 ns                ;
; N/A   ; 306.47 MHz ( period = 3.263 ns )               ; b[1]  ; b[8]  ; clk        ; clk      ; None                        ; None                      ; 2.999 ns                ;
; N/A   ; 306.47 MHz ( period = 3.263 ns )               ; b[1]  ; b[9]  ; clk        ; clk      ; None                        ; None                      ; 2.999 ns                ;
; N/A   ; 310.75 MHz ( period = 3.218 ns )               ; b[8]  ; b[0]  ; clk        ; clk      ; None                        ; None                      ; 2.954 ns                ;
; N/A   ; 310.75 MHz ( period = 3.218 ns )               ; b[8]  ; b[10] ; clk        ; clk      ; None                        ; None                      ; 2.954 ns                ;
; N/A   ; 310.75 MHz ( period = 3.218 ns )               ; b[8]  ; b[7]  ; clk        ; clk      ; None                        ; None                      ; 2.954 ns                ;
; N/A   ; 310.75 MHz ( period = 3.218 ns )               ; b[8]  ; b[6]  ; clk        ; clk      ; None                        ; None                      ; 2.954 ns                ;
; N/A   ; 310.75 MHz ( period = 3.218 ns )               ; b[8]  ; b[4]  ; clk        ; clk      ; None                        ; None                      ; 2.954 ns                ;
; N/A   ; 310.75 MHz ( period = 3.218 ns )               ; b[8]  ; b[5]  ; clk        ; clk      ; None                        ; None                      ; 2.954 ns                ;
; N/A   ; 310.75 MHz ( period = 3.218 ns )               ; b[8]  ; b[2]  ; clk        ; clk      ; None                        ; None                      ; 2.954 ns                ;
; N/A   ; 310.75 MHz ( period = 3.218 ns )               ; b[8]  ; b[3]  ; clk        ; clk      ; None                        ; None                      ; 2.954 ns                ;
; N/A   ; 310.75 MHz ( period = 3.218 ns )               ; b[8]  ; b[1]  ; clk        ; clk      ; None                        ; None                      ; 2.954 ns                ;
; N/A   ; 310.75 MHz ( period = 3.218 ns )               ; b[8]  ; b[8]  ; clk        ; clk      ; None                        ; None                      ; 2.954 ns                ;
; N/A   ; 310.75 MHz ( period = 3.218 ns )               ; b[8]  ; b[9]  ; clk        ; clk      ; None                        ; None                      ; 2.954 ns                ;
; N/A   ; 315.76 MHz ( period = 3.167 ns )               ; b[2]  ; a[1]  ; clk        ; clk      ; None                        ; None                      ; 2.902 ns                ;
; N/A   ; 315.76 MHz ( period = 3.167 ns )               ; b[2]  ; a[0]  ; clk        ; clk      ; None                        ; None                      ; 2.902 ns                ;
; N/A   ; 318.88 MHz ( period = 3.136 ns )               ; b[4]  ; a[1]  ; clk        ; clk      ; None                        ; None                      ; 2.871 ns                ;
; N/A   ; 318.88 MHz ( period = 3.136 ns )               ; b[4]  ; a[0]  ; clk        ; clk      ; None                        ; None                      ; 2.871 ns                ;
; N/A   ; 327.76 MHz ( period = 3.051 ns )               ; b[9]  ; b[0]  ; clk        ; clk      ; None                        ; None                      ; 2.787 ns                ;
; N/A   ; 327.76 MHz ( period = 3.051 ns )               ; b[9]  ; b[10] ; clk        ; clk      ; None                        ; None                      ; 2.787 ns                ;
; N/A   ; 327.76 MHz ( period = 3.051 ns )               ; b[9]  ; b[7]  ; clk        ; clk      ; None                        ; None                      ; 2.787 ns                ;
; N/A   ; 327.76 MHz ( period = 3.051 ns )               ; b[9]  ; b[6]  ; clk        ; clk      ; None                        ; None                      ; 2.787 ns                ;
; N/A   ; 327.76 MHz ( period = 3.051 ns )               ; b[9]  ; b[4]  ; clk        ; clk      ; None                        ; None                      ; 2.787 ns                ;
; N/A   ; 327.76 MHz ( period = 3.051 ns )               ; b[9]  ; b[5]  ; clk        ; clk      ; None                        ; None                      ; 2.787 ns                ;
; N/A   ; 327.76 MHz ( period = 3.051 ns )               ; b[9]  ; b[2]  ; clk        ; clk      ; None                        ; None                      ; 2.787 ns                ;
; N/A   ; 327.76 MHz ( period = 3.051 ns )               ; b[9]  ; b[3]  ; clk        ; clk      ; None                        ; None                      ; 2.787 ns                ;
; N/A   ; 327.76 MHz ( period = 3.051 ns )               ; b[9]  ; b[1]  ; clk        ; clk      ; None                        ; None                      ; 2.787 ns                ;
; N/A   ; 327.76 MHz ( period = 3.051 ns )               ; b[9]  ; b[8]  ; clk        ; clk      ; None                        ; None                      ; 2.787 ns                ;
; N/A   ; 327.76 MHz ( period = 3.051 ns )               ; b[9]  ; b[9]  ; clk        ; clk      ; None                        ; None                      ; 2.787 ns                ;
; N/A   ; Restricted to 340.02 MHz ( period = 2.941 ns ) ; b[10] ; b[0]  ; clk        ; clk      ; None                        ; None                      ; 2.652 ns                ;
; N/A   ; Restricted to 340.02 MHz ( period = 2.941 ns ) ; b[10] ; b[10] ; clk        ; clk      ; None                        ; None                      ; 2.652 ns                ;
; N/A   ; Restricted to 340.02 MHz ( period = 2.941 ns ) ; b[10] ; b[7]  ; clk        ; clk      ; None                        ; None                      ; 2.652 ns                ;
; N/A   ; Restricted to 340.02 MHz ( period = 2.941 ns ) ; b[10] ; b[6]  ; clk        ; clk      ; None                        ; None                      ; 2.652 ns                ;
; N/A   ; Restricted to 340.02 MHz ( period = 2.941 ns ) ; b[10] ; b[4]  ; clk        ; clk      ; None                        ; None                      ; 2.652 ns                ;
; N/A   ; Restricted to 340.02 MHz ( period = 2.941 ns ) ; b[10] ; b[5]  ; clk        ; clk      ; None                        ; None                      ; 2.652 ns                ;
; N/A   ; Restricted to 340.02 MHz ( period = 2.941 ns ) ; b[10] ; b[2]  ; clk        ; clk      ; None                        ; None                      ; 2.652 ns                ;
; N/A   ; Restricted to 340.02 MHz ( period = 2.941 ns ) ; b[10] ; b[3]  ; clk        ; clk      ; None                        ; None                      ; 2.652 ns                ;
; N/A   ; Restricted to 340.02 MHz ( period = 2.941 ns ) ; b[10] ; b[1]  ; clk        ; clk      ; None                        ; None                      ; 2.652 ns                ;
; N/A   ; Restricted to 340.02 MHz ( period = 2.941 ns ) ; b[10] ; b[8]  ; clk        ; clk      ; None                        ; None                      ; 2.652 ns                ;
; N/A   ; Restricted to 340.02 MHz ( period = 2.941 ns ) ; b[10] ; b[9]  ; clk        ; clk      ; None                        ; None                      ; 2.652 ns                ;
; N/A   ; Restricted to 340.02 MHz ( period = 2.941 ns ) ; b[0]  ; a[1]  ; clk        ; clk      ; None                        ; None                      ; 2.594 ns                ;
; N/A   ; Restricted to 340.02 MHz ( period = 2.941 ns ) ; b[0]  ; a[0]  ; clk        ; clk      ; None                        ; None                      ; 2.594 ns                ;
; N/A   ; Restricted to 340.02 MHz ( period = 2.941 ns ) ; b[1]  ; a[1]  ; clk        ; clk      ; None                        ; None                      ; 2.432 ns                ;
; N/A   ; Restricted to 340.02 MHz ( period = 2.941 ns ) ; b[1]  ; a[0]  ; clk        ; clk      ; None                        ; None                      ; 2.432 ns                ;
; N/A   ; Restricted to 340.02 MHz ( period = 2.941 ns ) ; b[8]  ; a[1]  ; clk        ; clk      ; None                        ; None                      ; 2.387 ns                ;
; N/A   ; Restricted to 340.02 MHz ( period = 2.941 ns ) ; b[8]  ; a[0]  ; clk        ; clk      ; None                        ; None                      ; 2.387 ns                ;
; N/A   ; Restricted to 340.02 MHz ( period = 2.941 ns ) ; b[9]  ; a[1]  ; clk        ; clk      ; None                        ; None                      ; 2.220 ns                ;
; N/A   ; Restricted to 340.02 MHz ( period = 2.941 ns ) ; b[9]  ; a[0]  ; clk        ; clk      ; None                        ; None                      ; 2.220 ns                ;
; N/A   ; Restricted to 340.02 MHz ( period = 2.941 ns ) ; b[10] ; a[1]  ; clk        ; clk      ; None                        ; None                      ; 2.085 ns                ;
; N/A   ; Restricted to 340.02 MHz ( period = 2.941 ns ) ; b[10] ; a[0]  ; clk        ; clk      ; None                        ; None                      ; 2.085 ns                ;
; N/A   ; Restricted to 340.02 MHz ( period = 2.941 ns ) ; a[0]  ; a[1]  ; clk        ; clk      ; None                        ; None                      ; 1.267 ns                ;
; N/A   ; Restricted to 340.02 MHz ( period = 2.941 ns ) ; a[1]  ; a[1]  ; clk        ; clk      ; None                        ; None                      ; 0.501 ns                ;
; N/A   ; Restricted to 340.02 MHz ( period = 2.941 ns ) ; a[0]  ; a[0]  ; clk        ; clk      ; None                        ; None                      ; 0.501 ns                ;
+-------+------------------------------------------------+-------+-------+------------+----------+-----------------------------+---------------------------+-------------------------+


+------------------------------------------------------------------+
; tco                                                              ;
+-------+--------------+------------+------+----------+------------+
; Slack ; Required tco ; Actual tco ; From ; To       ; From Clock ;
+-------+--------------+------------+------+----------+------------+
; N/A   ; None         ; 10.958 ns  ; a[1] ; dig[1]   ; clk        ;
; N/A   ; None         ; 10.796 ns  ; a[0] ; dig[1]   ; clk        ;
; N/A   ; None         ; 10.715 ns  ; a[1] ; dig[2]   ; clk        ;
; N/A   ; None         ; 10.654 ns  ; a[1] ; dig[0]   ; clk        ;
; N/A   ; None         ; 10.651 ns  ; a[1] ; dig[3]   ; clk        ;
; N/A   ; None         ; 10.550 ns  ; a[0] ; dig[2]   ; clk        ;
; N/A   ; None         ; 10.543 ns  ; a[0] ; dig[0]   ; clk        ;
; N/A   ; None         ; 10.493 ns  ; a[0] ; dig[3]   ; clk        ;
; N/A   ; None         ; 8.887 ns   ; a[1] ; LED7S[3] ; clk        ;
; N/A   ; None         ; 8.725 ns   ; a[0] ; LED7S[3] ; clk        ;
; N/A   ; None         ; 8.555 ns   ; a[1] ; LED7S[4] ; clk        ;
; N/A   ; None         ; 8.545 ns   ; a[1] ; LED7S[0] ; clk        ;
; N/A   ; None         ; 8.393 ns   ; a[0] ; LED7S[4] ; clk        ;
; N/A   ; None         ; 8.383 ns   ; a[0] ; LED7S[0] ; clk        ;
; N/A   ; None         ; 8.165 ns   ; a[1] ; LED7S[2] ; clk        ;
; N/A   ; None         ; 8.152 ns   ; a[1] ; LED7S[5] ; clk        ;
; N/A   ; None         ; 8.137 ns   ; a[1] ; LED7S[6] ; clk        ;
; N/A   ; None         ; 8.026 ns   ; a[0] ; LED7S[6] ; clk        ;
; N/A   ; None         ; 8.003 ns   ; a[0] ; LED7S[2] ; clk        ;
; N/A   ; None         ; 7.994 ns   ; a[0] ; LED7S[5] ; clk        ;
+-------+--------------+------------+------+----------+------------+


+--------------------------+
; Timing Analyzer Messages ;
+--------------------------+
Info: *******************************************************************
Info: Running Quartus II 64-Bit Classic Timing Analyzer
    Info: Version 9.1 Build 222 10/21/2009 SJ Full Version
    Info: Processing started: Wed Nov 04 19:38:28 2020
Info: Command: quartus_tan --read_settings_files=off --write_settings_files=off sled_4 -c sled_4 --timing_analysis_only
Info: Parallel compilation is enabled and will use 4 of the 4 processors detected
Warning: Found pins functioning as undefined clocks and/or memory enables
    Info: Assuming node "clk" is an undefined clock
Info: Clock "clk" has Internal fmax of 231.86 MHz between source register "b[7]" and destination register "b[0]" (period= 4.313 ns)
    Info: + Longest register to register delay is 4.049 ns
        Info: 1: + IC(0.000 ns) + CELL(0.000 ns) = 0.000 ns; Loc. = LCFF_X31_Y17_N15; Fanout = 3; REG Node = 'b[7]'
        Info: 2: + IC(1.079 ns) + CELL(0.651 ns) = 1.730 ns; Loc. = LCCOMB_X30_Y17_N24; Fanout = 1; COMB Node = 'LessThan0~1'
        Info: 3: + IC(0.386 ns) + CELL(0.650 ns) = 2.766 ns; Loc. = LCCOMB_X30_Y17_N12; Fanout = 13; COMB Node = 'LessThan0~3'
        Info: 4: + IC(0.623 ns) + CELL(0.660 ns) = 4.049 ns; Loc. = LCFF_X31_Y17_N1; Fanout = 3; REG Node = 'b[0]'
        Info: Total cell delay = 1.961 ns ( 48.43 % )
        Info: Total interconnect delay = 2.088 ns ( 51.57 % )
    Info: - Smallest clock skew is 0.000 ns
        Info: + Shortest clock path from clock "clk" to destination register is 2.874 ns
            Info: 1: + IC(0.000 ns) + CELL(1.140 ns) = 1.140 ns; Loc. = PIN_23; Fanout = 1; CLK Node = 'clk'
            Info: 2: + IC(0.139 ns) + CELL(0.000 ns) = 1.279 ns; Loc. = CLKCTRL_G2; Fanout = 13; COMB Node = 'clk~clkctrl'
            Info: 3: + IC(0.929 ns) + CELL(0.666 ns) = 2.874 ns; Loc. = LCFF_X31_Y17_N1; Fanout = 3; REG Node = 'b[0]'
            Info: Total cell delay = 1.806 ns ( 62.84 % )
            Info: Total interconnect delay = 1.068 ns ( 37.16 % )
        Info: - Longest clock path from clock "clk" to source register is 2.874 ns
            Info: 1: + IC(0.000 ns) + CELL(1.140 ns) = 1.140 ns; Loc. = PIN_23; Fanout = 1; CLK Node = 'clk'
            Info: 2: + IC(0.139 ns) + CELL(0.000 ns) = 1.279 ns; Loc. = CLKCTRL_G2; Fanout = 13; COMB Node = 'clk~clkctrl'
            Info: 3: + IC(0.929 ns) + CELL(0.666 ns) = 2.874 ns; Loc. = LCFF_X31_Y17_N15; Fanout = 3; REG Node = 'b[7]'
            Info: Total cell delay = 1.806 ns ( 62.84 % )
            Info: Total interconnect delay = 1.068 ns ( 37.16 % )
    Info: + Micro clock to output delay of source is 0.304 ns
    Info: + Micro setup delay of destination is -0.040 ns
Info: tco from clock "clk" to destination pin "dig[1]" through register "a[1]" is 10.958 ns
    Info: + Longest clock path from clock "clk" to source register is 2.873 ns
        Info: 1: + IC(0.000 ns) + CELL(1.140 ns) = 1.140 ns; Loc. = PIN_23; Fanout = 1; CLK Node = 'clk'
        Info: 2: + IC(0.139 ns) + CELL(0.000 ns) = 1.279 ns; Loc. = CLKCTRL_G2; Fanout = 13; COMB Node = 'clk~clkctrl'
        Info: 3: + IC(0.928 ns) + CELL(0.666 ns) = 2.873 ns; Loc. = LCFF_X30_Y17_N9; Fanout = 6; REG Node = 'a[1]'
        Info: Total cell delay = 1.806 ns ( 62.86 % )
        Info: Total interconnect delay = 1.067 ns ( 37.14 % )
    Info: + Micro clock to output delay of source is 0.304 ns
    Info: + Longest register to pin delay is 7.781 ns
        Info: 1: + IC(0.000 ns) + CELL(0.000 ns) = 0.000 ns; Loc. = LCFF_X30_Y17_N9; Fanout = 6; REG Node = 'a[1]'
        Info: 2: + IC(0.474 ns) + CELL(0.370 ns) = 0.844 ns; Loc. = LCCOMB_X30_Y17_N6; Fanout = 3; COMB Node = 'Decoder0~0'
        Info: 3: + IC(3.631 ns) + CELL(3.306 ns) = 7.781 ns; Loc. = PIN_207; Fanout = 0; PIN Node = 'dig[1]'
        Info: Total cell delay = 3.676 ns ( 47.24 % )
        Info: Total interconnect delay = 4.105 ns ( 52.76 % )
Info: Quartus II 64-Bit Classic Timing Analyzer was successful. 0 errors, 1 warning
    Info: Peak virtual memory: 4362 megabytes
    Info: Processing ended: Wed Nov 04 19:38:28 2020
    Info: Elapsed time: 00:00:00
    Info: Total CPU time (on all processors): 00:00:00


