Removed Pin From Net: NetName=NetU2_11 Pin=U111-1
Removed Pin From Net: NetName=NetS1_1 Pin=U111-2
Removed Pin From Net: NetName=NetJ6_6 Pin=U111-3
Removed Pin From Net: NetName=NetJ6_5 Pin=U111-4
Removed Pin From Net: NetName=NetJ6_4 Pin=U111-5
Removed Pin From Net: NetName=NetJ6_3 Pin=U111-6
Removed Pin From Net: NetName=NetJ6_2 Pin=U111-7
Removed Pin From Net: NetName=NetJ6_1 Pin=U111-8
Removed Pin From Net: NetName=P1.6 Pin=U111-9
Removed Pin From Net: NetName=P1.7 Pin=U111-10
Removed Pin From Net: NetName=VCC Pin=U111-11
Removed Pin From Net: NetName=VCC Pin=U111-12
Removed Pin From Net: NetName=NetC12_2 Pin=U111-13
Removed Pin From Net: NetName=GND Pin=U111-14
Removed Pin From Net: NetName=GND Pin=U111-15
Removed Pin From Net: NetName=NetC10_2 Pin=U111-16
Removed Pin From Net: NetName=NetC9_2 Pin=U111-17
Removed Pin From Net: NetName=GND Pin=U111-18
Removed Pin From Net: NetName=VCC Pin=U111-19
Removed Pin From Net: NetName=GND Pin=U111-20
Removed Pin From Net: NetName=NetR37_1 Pin=U111-21
Removed Pin From Net: NetName=NetR38_1 Pin=U111-22
Removed Pin From Net: NetName=VCC Pin=U111-23
Removed Pin From Net: NetName=GND Pin=U111-24
Removed Pin From Net: NetName=A11 Pin=U111-31
Removed Pin From Net: NetName=NetR24_1 Pin=U111-32
Removed Pin From Net: NetName=VCC Pin=U111-33
Removed Pin From Net: NetName=GND Pin=U111-34
Removed Pin From Net: NetName=NetJ4_5 Pin=U111-35
Removed Pin From Net: NetName=NetJ4_4 Pin=U111-36
Removed Pin From Net: NetName=NetJ4_3 Pin=U111-37
Removed Pin From Net: NetName=NetJ4_2 Pin=U111-38
Removed Pin From Net: NetName=LCD EL Pin=U111-39
Removed Pin From Net: NetName=LCD RST Pin=U111-40
Removed Pin From Net: NetName=VCC Pin=U111-41
Removed Pin From Net: NetName=GND Pin=U111-42
Removed Pin From Net: NetName=NetU10_1 Pin=U111-43
Removed Pin From Net: NetName=NetU10_2 Pin=U111-44
Removed Pin From Net: NetName=NetU10_3 Pin=U111-45
Removed Pin From Net: NetName=NetU10_4 Pin=U111-46
Removed Pin From Net: NetName=NetC4_0 Pin=U111-47
Removed Pin From Net: NetName=NetJ4_8 Pin=U111-48
Removed Pin From Net: NetName=NetJ4_7 Pin=U111-49
Removed Pin From Net: NetName=NetJ4_6 Pin=U111-50
Removed Pin From Net: NetName=VCC Pin=U111-51
Removed Pin From Net: NetName=GND Pin=U111-52
Removed Pin From Net: NetName=NetJ8_4 Pin=U111-59
Removed Pin From Net: NetName=NetJ8_3 Pin=U111-60
Removed Pin From Net: NetName=NetJ8_2 Pin=U111-61
Removed Pin From Net: NetName=NetJ8_1 Pin=U111-62
Removed Pin From Net: NetName=NetJ8_5 Pin=U111-65
Removed Pin From Net: NetName=NetJ8_6 Pin=U111-66
Removed Pin From Net: NetName=NetJ8_7 Pin=U111-67
Removed Pin From Net: NetName=NetJ8_8 Pin=U111-68
Removed Pin From Net: NetName=VCC Pin=U111-71
Removed Pin From Net: NetName=GND Pin=U111-72
Removed Pin From Net: NetName=IDE RST Pin=U111-79
Removed Pin From Net: NetName=P5.1 Pin=U111-80
Removed Member From Class: ClassName=MP3 Member=U111
Added Component: Designator=U£¿(QFP65P1720X2320X245-100M)
Add component. Clean all parameters for all variants
Added Pin To Net: NetName=NetS1_1 Pin=U£¿-1
Added Pin To Net: NetName=GND Pin=U£¿-2
Added Pin To Net: NetName=NetJ6_6 Pin=U£¿-3
Added Pin To Net: NetName=NetJ6_5 Pin=U£¿-4
Added Pin To Net: NetName=NetJ6_4 Pin=U£¿-5
Added Pin To Net: NetName=NetJ6_3 Pin=U£¿-6
Added Pin To Net: NetName=NetJ6_2 Pin=U£¿-7
Added Pin To Net: NetName=NetJ6_1 Pin=U£¿-8
Added Pin To Net: NetName=P1.6 Pin=U£¿-9
Added Pin To Net: NetName=P1.7 Pin=U£¿-10
Added Pin To Net: NetName=VCC Pin=U£¿-11
Added Pin To Net: NetName=VCC Pin=U£¿-12
Added Pin To Net: NetName=NetC12_2 Pin=U£¿-13
Added Pin To Net: NetName=GND Pin=U£¿-14
Added Pin To Net: NetName=GND Pin=U£¿-15
Added Pin To Net: NetName=NetC10_2 Pin=U£¿-16
Added Pin To Net: NetName=NetC9_2 Pin=U£¿-17
Added Pin To Net: NetName=VCC Pin=U£¿-19
Added Pin To Net: NetName=GND Pin=U£¿-20
Added Pin To Net: NetName=NetR37_1 Pin=U£¿-21
Added Pin To Net: NetName=NetR38_1 Pin=U£¿-22
Added Pin To Net: NetName=VCC Pin=U£¿-23
Added Pin To Net: NetName=GND Pin=U£¿-24
Added Pin To Net: NetName=A11 Pin=U£¿-31
Added Pin To Net: NetName=NetR24_1 Pin=U£¿-32
Added Pin To Net: NetName=VCC Pin=U£¿-33
Added Pin To Net: NetName=GND Pin=U£¿-34
Added Pin To Net: NetName=NetJ4_5 Pin=U£¿-35
Added Pin To Net: NetName=NetJ4_4 Pin=U£¿-36
Added Pin To Net: NetName=NetJ4_3 Pin=U£¿-37
Added Pin To Net: NetName=NetJ4_2 Pin=U£¿-38
Added Pin To Net: NetName=LCD EL Pin=U£¿-39
Added Pin To Net: NetName=LCD RST Pin=U£¿-40
Added Pin To Net: NetName=VCC Pin=U£¿-41
Added Pin To Net: NetName=GND Pin=U£¿-42
Added Pin To Net: NetName=NetU10_1 Pin=U£¿-43
Added Pin To Net: NetName=NetU10_2 Pin=U£¿-44
Added Pin To Net: NetName=NetU10_3 Pin=U£¿-45
Added Pin To Net: NetName=NetU10_4 Pin=U£¿-46
Added Pin To Net: NetName=NetC4_0 Pin=U£¿-47
Added Pin To Net: NetName=NetJ4_8 Pin=U£¿-48
Added Pin To Net: NetName=NetJ4_7 Pin=U£¿-49
Added Pin To Net: NetName=NetJ4_6 Pin=U£¿-50
Added Pin To Net: NetName=VCC Pin=U£¿-51
Added Pin To Net: NetName=GND Pin=U£¿-52
Added Pin To Net: NetName=NetJ8_4 Pin=U£¿-59
Added Pin To Net: NetName=NetJ8_3 Pin=U£¿-60
Added Pin To Net: NetName=NetJ8_2 Pin=U£¿-61
Added Pin To Net: NetName=NetJ8_1 Pin=U£¿-62
Added Pin To Net: NetName=NetJ8_5 Pin=U£¿-65
Added Pin To Net: NetName=NetJ8_6 Pin=U£¿-66
Added Pin To Net: NetName=NetJ8_7 Pin=U£¿-67
Added Pin To Net: NetName=NetJ8_8 Pin=U£¿-68
Added Pin To Net: NetName=VCC Pin=U£¿-71
Added Pin To Net: NetName=GND Pin=U£¿-72
Added Pin To Net: NetName=IDE RST Pin=U£¿-79
Added Pin To Net: NetName=P5.1 Pin=U£¿-80
Added Member To Class: ClassName=MP3 Member=Component U£¿ AT89C51
Added Room: Name=MP3
