


ARM Macro Assembler    Page 1 


    1 00000000                 PRESERVE8
    2 00000000                 export           XMUL
    3 00000000                 AREA             XMUL,CODE,READONLY
    4 00000000                 import           MUL1
    5 00000000 F84D ED04       str              lr,[sp,#-4]!
    6 00000004 F04F 0001       mov              r0,#1
    7 00000008 F04F 0101       mov              r1,#1
    8 0000000C F04F 0201       mov              r2,#1
    9 00000010 F04F 0301       mov              r3,#1
   10 00000014 F84D 0D04       str              r0,[sp,#-4]!
   11 00000018 F84D 0D04       str              r0,[sp,#-4]!
   12 0000001C F7FF FFFE       bl               MUL1
   13 00000020 B002            add              sp,sp,#8
   14 00000022 F85D FB04       ldr              pc,[sp],#4
   15 00000026                 END
Command Line: --debug --xref --diag_suppress=9931 --cpu=Cortex-M3 --apcs=interw
ork --depend=.\objects\text_1.d -o.\objects\text_1.o -I.\RTE\_Target_1 -ID:\Kei
l5\pack\Keil\STM32F1xx_DFP\1.1.0\Device\Include -ID:\Keil5\ARM\CMSIS\Include --
predefine="__MICROLIB SETA 1" --predefine="__UVISION_VERSION SETA 529" --predef
ine="STM32F10X_MD SETA 1" --list=.\listings\text.lst USER\text.s



ARM Macro Assembler    Page 1 Alphabetic symbol ordering
Relocatable symbols

XMUL 00000000

Symbol: XMUL
   Definitions
      At line 3 in file USER\text.s
   Uses
      At line 2 in file USER\text.s
Comment: XMUL used once
1 symbol



ARM Macro Assembler    Page 1 Alphabetic symbol ordering
External symbols

MUL1 00000000

Symbol: MUL1
   Definitions
      At line 4 in file USER\text.s
   Uses
      At line 12 in file USER\text.s
Comment: MUL1 used once
1 symbol
335 symbols in table
