Classic Timing Analyzer report for muxk
Tue Sep 29 21:04:25 2020
Quartus II 64-Bit Version 9.1 Build 222 10/21/2009 SJ Full Version


---------------------
; Table of Contents ;
---------------------
  1. Legal Notice
  2. Timing Analyzer Summary
  3. Timing Analyzer Settings
  4. Clock Settings Summary
  5. Parallel Compilation
  6. Clock Setup: 'clk'
  7. tco
  8. tpd
  9. Timing Analyzer Messages



----------------
; Legal Notice ;
----------------
Copyright (C) 1991-2009 Altera Corporation
Your use of Altera Corporation's design tools, logic functions 
and other software and tools, and its AMPP partner logic 
functions, and any output files from any of the foregoing 
(including device programming or simulation files), and any 
associated documentation or information are expressly subject 
to the terms and conditions of the Altera Program License 
Subscription Agreement, Altera MegaCore Function License 
Agreement, or other applicable license agreement, including, 
without limitation, that your use is for the sole purpose of 
programming logic devices manufactured by Altera and sold by 
Altera or its authorized distributors.  Please refer to the 
applicable agreement for further details.



+------------------------------------------------------------------------------------------------------------------------------------------------------------------------------+
; Timing Analyzer Summary                                                                                                                                                      ;
+------------------------------+-------+---------------+----------------------------------+----------------------+----------------------+------------+----------+--------------+
; Type                         ; Slack ; Required Time ; Actual Time                      ; From                 ; To                   ; From Clock ; To Clock ; Failed Paths ;
+------------------------------+-------+---------------+----------------------------------+----------------------+----------------------+------------+----------+--------------+
; Worst-case tco               ; N/A   ; None          ; 11.123 ns                        ; fenpin:inst|qout[18] ; outy                 ; clk        ; --       ; 0            ;
; Worst-case tpd               ; N/A   ; None          ; 14.096 ns                        ; s0                   ; outy                 ; --         ; --       ; 0            ;
; Clock Setup: 'clk'           ; N/A   ; None          ; 246.49 MHz ( period = 4.057 ns ) ; fenpin:inst|qout[1]  ; fenpin:inst|qout[23] ; clk        ; clk      ; 0            ;
; Total number of failed paths ;       ;               ;                                  ;                      ;                      ;            ;          ; 0            ;
+------------------------------+-------+---------------+----------------------------------+----------------------+----------------------+------------+----------+--------------+


+-----------------------------------------------------------------------------------------------------------------------------------------------------+
; Timing Analyzer Settings                                                                                                                            ;
+------------------------------------------------------------------------------------------------------+--------------------+------+----+-------------+
; Option                                                                                               ; Setting            ; From ; To ; Entity Name ;
+------------------------------------------------------------------------------------------------------+--------------------+------+----+-------------+
; Device Name                                                                                          ; EP2C8Q208C8        ;      ;    ;             ;
; Timing Models                                                                                        ; Final              ;      ;    ;             ;
; Default hold multicycle                                                                              ; Same as Multicycle ;      ;    ;             ;
; Cut paths between unrelated clock domains                                                            ; On                 ;      ;    ;             ;
; Cut off read during write signal paths                                                               ; On                 ;      ;    ;             ;
; Cut off feedback from I/O pins                                                                       ; On                 ;      ;    ;             ;
; Report Combined Fast/Slow Timing                                                                     ; Off                ;      ;    ;             ;
; Ignore Clock Settings                                                                                ; Off                ;      ;    ;             ;
; Analyze latches as synchronous elements                                                              ; On                 ;      ;    ;             ;
; Enable Recovery/Removal analysis                                                                     ; Off                ;      ;    ;             ;
; Enable Clock Latency                                                                                 ; Off                ;      ;    ;             ;
; Use TimeQuest Timing Analyzer                                                                        ; Off                ;      ;    ;             ;
; Minimum Core Junction Temperature                                                                    ; 0                  ;      ;    ;             ;
; Maximum Core Junction Temperature                                                                    ; 85                 ;      ;    ;             ;
; Number of source nodes to report per destination node                                                ; 10                 ;      ;    ;             ;
; Number of destination nodes to report                                                                ; 10                 ;      ;    ;             ;
; Number of paths to report                                                                            ; 200                ;      ;    ;             ;
; Report Minimum Timing Checks                                                                         ; Off                ;      ;    ;             ;
; Use Fast Timing Models                                                                               ; Off                ;      ;    ;             ;
; Report IO Paths Separately                                                                           ; Off                ;      ;    ;             ;
; Perform Multicorner Analysis                                                                         ; On                 ;      ;    ;             ;
; Reports the worst-case path for each clock domain and analysis                                       ; Off                ;      ;    ;             ;
; Reports worst-case timing paths for each clock domain and analysis                                   ; On                 ;      ;    ;             ;
; Specifies the maximum number of worst-case timing paths to report for each clock domain and analysis ; 100                ;      ;    ;             ;
; Removes common clock path pessimism (CCPP) during slack computation                                  ; Off                ;      ;    ;             ;
; Output I/O Timing Endpoint                                                                           ; Near End           ;      ;    ;             ;
+------------------------------------------------------------------------------------------------------+--------------------+------+----+-------------+


+------------------------------------------------------------------------------------------------------------------------------------------------------------------------------------+
; Clock Settings Summary                                                                                                                                                             ;
+-----------------+--------------------+----------+------------------+---------------+--------------+----------+-----------------------+---------------------+--------+--------------+
; Clock Node Name ; Clock Setting Name ; Type     ; Fmax Requirement ; Early Latency ; Late Latency ; Based on ; Multiply Base Fmax by ; Divide Base Fmax by ; Offset ; Phase offset ;
+-----------------+--------------------+----------+------------------+---------------+--------------+----------+-----------------------+---------------------+--------+--------------+
; clk             ;                    ; User Pin ; None             ; 0.000 ns      ; 0.000 ns     ; --       ; N/A                   ; N/A                 ; N/A    ;              ;
+-----------------+--------------------+----------+------------------+---------------+--------------+----------+-----------------------+---------------------+--------+--------------+


+------------------------------------------+
; Parallel Compilation                     ;
+----------------------------+-------------+
; Processors                 ; Number      ;
+----------------------------+-------------+
; Number detected on machine ; 4           ;
; Maximum allowed            ; 4           ;
;                            ;             ;
; Average used               ; 1.00        ;
; Maximum used               ; 1           ;
;                            ;             ;
; Usage by Processor         ; % Time Used ;
;     1 processor            ; 100.0%      ;
;     2-4 processors         ;   0.0%      ;
+----------------------------+-------------+


+---------------------------------------------------------------------------------------------------------------------------------------------------------------------------------------------------------------------------------------------------------+
; Clock Setup: 'clk'                                                                                                                                                                                                                                      ;
+-----------------------------------------+-----------------------------------------------------+----------------------+----------------------+------------+----------+-----------------------------+---------------------------+-------------------------+
; Slack                                   ; Actual fmax (period)                                ; From                 ; To                   ; From Clock ; To Clock ; Required Setup Relationship ; Required Longest P2P Time ; Actual Longest P2P Time ;
+-----------------------------------------+-----------------------------------------------------+----------------------+----------------------+------------+----------+-----------------------------+---------------------------+-------------------------+
; N/A                                     ; 246.49 MHz ( period = 4.057 ns )                    ; fenpin:inst|qout[1]  ; fenpin:inst|qout[23] ; clk        ; clk      ; None                        ; None                      ; 3.798 ns                ;
; N/A                                     ; 249.94 MHz ( period = 4.001 ns )                    ; fenpin:inst|qout[0]  ; fenpin:inst|qout[23] ; clk        ; clk      ; None                        ; None                      ; 3.742 ns                ;
; N/A                                     ; 251.83 MHz ( period = 3.971 ns )                    ; fenpin:inst|qout[2]  ; fenpin:inst|qout[23] ; clk        ; clk      ; None                        ; None                      ; 3.712 ns                ;
; N/A                                     ; 251.83 MHz ( period = 3.971 ns )                    ; fenpin:inst|qout[1]  ; fenpin:inst|qout[22] ; clk        ; clk      ; None                        ; None                      ; 3.712 ns                ;
; N/A                                     ; 255.43 MHz ( period = 3.915 ns )                    ; fenpin:inst|qout[0]  ; fenpin:inst|qout[22] ; clk        ; clk      ; None                        ; None                      ; 3.656 ns                ;
; N/A                                     ; 257.40 MHz ( period = 3.885 ns )                    ; fenpin:inst|qout[2]  ; fenpin:inst|qout[22] ; clk        ; clk      ; None                        ; None                      ; 3.626 ns                ;
; N/A                                     ; 257.40 MHz ( period = 3.885 ns )                    ; fenpin:inst|qout[1]  ; fenpin:inst|qout[21] ; clk        ; clk      ; None                        ; None                      ; 3.626 ns                ;
; N/A                                     ; 260.89 MHz ( period = 3.833 ns )                    ; fenpin:inst|qout[3]  ; fenpin:inst|qout[23] ; clk        ; clk      ; None                        ; None                      ; 3.574 ns                ;
; N/A                                     ; 261.16 MHz ( period = 3.829 ns )                    ; fenpin:inst|qout[0]  ; fenpin:inst|qout[21] ; clk        ; clk      ; None                        ; None                      ; 3.570 ns                ;
; N/A                                     ; 263.23 MHz ( period = 3.799 ns )                    ; fenpin:inst|qout[2]  ; fenpin:inst|qout[21] ; clk        ; clk      ; None                        ; None                      ; 3.540 ns                ;
; N/A                                     ; 263.23 MHz ( period = 3.799 ns )                    ; fenpin:inst|qout[1]  ; fenpin:inst|qout[20] ; clk        ; clk      ; None                        ; None                      ; 3.540 ns                ;
; N/A                                     ; 266.88 MHz ( period = 3.747 ns )                    ; fenpin:inst|qout[3]  ; fenpin:inst|qout[22] ; clk        ; clk      ; None                        ; None                      ; 3.488 ns                ;
; N/A                                     ; 267.17 MHz ( period = 3.743 ns )                    ; fenpin:inst|qout[0]  ; fenpin:inst|qout[20] ; clk        ; clk      ; None                        ; None                      ; 3.484 ns                ;
; N/A                                     ; 269.32 MHz ( period = 3.713 ns )                    ; fenpin:inst|qout[2]  ; fenpin:inst|qout[20] ; clk        ; clk      ; None                        ; None                      ; 3.454 ns                ;
; N/A                                     ; 270.34 MHz ( period = 3.699 ns )                    ; fenpin:inst|qout[4]  ; fenpin:inst|qout[23] ; clk        ; clk      ; None                        ; None                      ; 3.440 ns                ;
; N/A                                     ; 273.15 MHz ( period = 3.661 ns )                    ; fenpin:inst|qout[3]  ; fenpin:inst|qout[21] ; clk        ; clk      ; None                        ; None                      ; 3.402 ns                ;
; N/A                                     ; 276.78 MHz ( period = 3.613 ns )                    ; fenpin:inst|qout[4]  ; fenpin:inst|qout[22] ; clk        ; clk      ; None                        ; None                      ; 3.354 ns                ;
; N/A                                     ; 277.09 MHz ( period = 3.609 ns )                    ; fenpin:inst|qout[1]  ; fenpin:inst|qout[19] ; clk        ; clk      ; None                        ; None                      ; 3.350 ns                ;
; N/A                                     ; 279.72 MHz ( period = 3.575 ns )                    ; fenpin:inst|qout[3]  ; fenpin:inst|qout[20] ; clk        ; clk      ; None                        ; None                      ; 3.316 ns                ;
; N/A                                     ; 280.98 MHz ( period = 3.559 ns )                    ; fenpin:inst|qout[5]  ; fenpin:inst|qout[23] ; clk        ; clk      ; None                        ; None                      ; 3.300 ns                ;
; N/A                                     ; 281.45 MHz ( period = 3.553 ns )                    ; fenpin:inst|qout[0]  ; fenpin:inst|qout[19] ; clk        ; clk      ; None                        ; None                      ; 3.294 ns                ;
; N/A                                     ; 283.53 MHz ( period = 3.527 ns )                    ; fenpin:inst|qout[6]  ; fenpin:inst|qout[23] ; clk        ; clk      ; None                        ; None                      ; 3.268 ns                ;
; N/A                                     ; 283.53 MHz ( period = 3.527 ns )                    ; fenpin:inst|qout[4]  ; fenpin:inst|qout[21] ; clk        ; clk      ; None                        ; None                      ; 3.268 ns                ;
; N/A                                     ; 283.85 MHz ( period = 3.523 ns )                    ; fenpin:inst|qout[1]  ; fenpin:inst|qout[18] ; clk        ; clk      ; None                        ; None                      ; 3.264 ns                ;
; N/A                                     ; 283.85 MHz ( period = 3.523 ns )                    ; fenpin:inst|qout[2]  ; fenpin:inst|qout[19] ; clk        ; clk      ; None                        ; None                      ; 3.264 ns                ;
; N/A                                     ; 287.94 MHz ( period = 3.473 ns )                    ; fenpin:inst|qout[5]  ; fenpin:inst|qout[22] ; clk        ; clk      ; None                        ; None                      ; 3.214 ns                ;
; N/A                                     ; 288.43 MHz ( period = 3.467 ns )                    ; fenpin:inst|qout[0]  ; fenpin:inst|qout[18] ; clk        ; clk      ; None                        ; None                      ; 3.208 ns                ;
; N/A                                     ; 290.61 MHz ( period = 3.441 ns )                    ; fenpin:inst|qout[6]  ; fenpin:inst|qout[22] ; clk        ; clk      ; None                        ; None                      ; 3.182 ns                ;
; N/A                                     ; 290.61 MHz ( period = 3.441 ns )                    ; fenpin:inst|qout[4]  ; fenpin:inst|qout[20] ; clk        ; clk      ; None                        ; None                      ; 3.182 ns                ;
; N/A                                     ; 290.95 MHz ( period = 3.437 ns )                    ; fenpin:inst|qout[2]  ; fenpin:inst|qout[18] ; clk        ; clk      ; None                        ; None                      ; 3.178 ns                ;
; N/A                                     ; 290.95 MHz ( period = 3.437 ns )                    ; fenpin:inst|qout[1]  ; fenpin:inst|qout[17] ; clk        ; clk      ; None                        ; None                      ; 3.178 ns                ;
; N/A                                     ; 295.25 MHz ( period = 3.387 ns )                    ; fenpin:inst|qout[7]  ; fenpin:inst|qout[23] ; clk        ; clk      ; None                        ; None                      ; 3.128 ns                ;
; N/A                                     ; 295.25 MHz ( period = 3.387 ns )                    ; fenpin:inst|qout[5]  ; fenpin:inst|qout[21] ; clk        ; clk      ; None                        ; None                      ; 3.128 ns                ;
; N/A                                     ; 295.42 MHz ( period = 3.385 ns )                    ; fenpin:inst|qout[3]  ; fenpin:inst|qout[19] ; clk        ; clk      ; None                        ; None                      ; 3.126 ns                ;
; N/A                                     ; 295.77 MHz ( period = 3.381 ns )                    ; fenpin:inst|qout[0]  ; fenpin:inst|qout[17] ; clk        ; clk      ; None                        ; None                      ; 3.122 ns                ;
; N/A                                     ; 297.97 MHz ( period = 3.356 ns )                    ; fenpin:inst|qout[8]  ; fenpin:inst|qout[23] ; clk        ; clk      ; None                        ; None                      ; 3.097 ns                ;
; N/A                                     ; 298.06 MHz ( period = 3.355 ns )                    ; fenpin:inst|qout[6]  ; fenpin:inst|qout[21] ; clk        ; clk      ; None                        ; None                      ; 3.096 ns                ;
; N/A                                     ; 298.42 MHz ( period = 3.351 ns )                    ; fenpin:inst|qout[1]  ; fenpin:inst|qout[16] ; clk        ; clk      ; None                        ; None                      ; 3.092 ns                ;
; N/A                                     ; 298.42 MHz ( period = 3.351 ns )                    ; fenpin:inst|qout[2]  ; fenpin:inst|qout[17] ; clk        ; clk      ; None                        ; None                      ; 3.092 ns                ;
; N/A                                     ; 302.94 MHz ( period = 3.301 ns )                    ; fenpin:inst|qout[7]  ; fenpin:inst|qout[22] ; clk        ; clk      ; None                        ; None                      ; 3.042 ns                ;
; N/A                                     ; 302.94 MHz ( period = 3.301 ns )                    ; fenpin:inst|qout[5]  ; fenpin:inst|qout[20] ; clk        ; clk      ; None                        ; None                      ; 3.042 ns                ;
; N/A                                     ; 303.12 MHz ( period = 3.299 ns )                    ; fenpin:inst|qout[3]  ; fenpin:inst|qout[18] ; clk        ; clk      ; None                        ; None                      ; 3.040 ns                ;
; N/A                                     ; 303.49 MHz ( period = 3.295 ns )                    ; fenpin:inst|qout[0]  ; fenpin:inst|qout[16] ; clk        ; clk      ; None                        ; None                      ; 3.036 ns                ;
; N/A                                     ; 305.81 MHz ( period = 3.270 ns )                    ; fenpin:inst|qout[8]  ; fenpin:inst|qout[22] ; clk        ; clk      ; None                        ; None                      ; 3.011 ns                ;
; N/A                                     ; 305.90 MHz ( period = 3.269 ns )                    ; fenpin:inst|qout[6]  ; fenpin:inst|qout[20] ; clk        ; clk      ; None                        ; None                      ; 3.010 ns                ;
; N/A                                     ; 306.28 MHz ( period = 3.265 ns )                    ; fenpin:inst|qout[2]  ; fenpin:inst|qout[16] ; clk        ; clk      ; None                        ; None                      ; 3.006 ns                ;
; N/A                                     ; 306.28 MHz ( period = 3.265 ns )                    ; fenpin:inst|qout[1]  ; fenpin:inst|qout[15] ; clk        ; clk      ; None                        ; None                      ; 3.006 ns                ;
; N/A                                     ; 307.60 MHz ( period = 3.251 ns )                    ; fenpin:inst|qout[4]  ; fenpin:inst|qout[19] ; clk        ; clk      ; None                        ; None                      ; 2.992 ns                ;
; N/A                                     ; 310.56 MHz ( period = 3.220 ns )                    ; fenpin:inst|qout[9]  ; fenpin:inst|qout[23] ; clk        ; clk      ; None                        ; None                      ; 2.961 ns                ;
; N/A                                     ; 311.04 MHz ( period = 3.215 ns )                    ; fenpin:inst|qout[7]  ; fenpin:inst|qout[21] ; clk        ; clk      ; None                        ; None                      ; 2.956 ns                ;
; N/A                                     ; 311.24 MHz ( period = 3.213 ns )                    ; fenpin:inst|qout[3]  ; fenpin:inst|qout[17] ; clk        ; clk      ; None                        ; None                      ; 2.954 ns                ;
; N/A                                     ; 311.62 MHz ( period = 3.209 ns )                    ; fenpin:inst|qout[0]  ; fenpin:inst|qout[15] ; clk        ; clk      ; None                        ; None                      ; 2.950 ns                ;
; N/A                                     ; 314.07 MHz ( period = 3.184 ns )                    ; fenpin:inst|qout[8]  ; fenpin:inst|qout[21] ; clk        ; clk      ; None                        ; None                      ; 2.925 ns                ;
; N/A                                     ; 314.56 MHz ( period = 3.179 ns )                    ; fenpin:inst|qout[2]  ; fenpin:inst|qout[15] ; clk        ; clk      ; None                        ; None                      ; 2.920 ns                ;
; N/A                                     ; 314.56 MHz ( period = 3.179 ns )                    ; fenpin:inst|qout[1]  ; fenpin:inst|qout[14] ; clk        ; clk      ; None                        ; None                      ; 2.920 ns                ;
; N/A                                     ; 315.96 MHz ( period = 3.165 ns )                    ; fenpin:inst|qout[4]  ; fenpin:inst|qout[18] ; clk        ; clk      ; None                        ; None                      ; 2.906 ns                ;
; N/A                                     ; 319.08 MHz ( period = 3.134 ns )                    ; fenpin:inst|qout[10] ; fenpin:inst|qout[23] ; clk        ; clk      ; None                        ; None                      ; 2.875 ns                ;
; N/A                                     ; 319.08 MHz ( period = 3.134 ns )                    ; fenpin:inst|qout[9]  ; fenpin:inst|qout[22] ; clk        ; clk      ; None                        ; None                      ; 2.875 ns                ;
; N/A                                     ; 319.59 MHz ( period = 3.129 ns )                    ; fenpin:inst|qout[7]  ; fenpin:inst|qout[20] ; clk        ; clk      ; None                        ; None                      ; 2.870 ns                ;
; N/A                                     ; 319.80 MHz ( period = 3.127 ns )                    ; fenpin:inst|qout[3]  ; fenpin:inst|qout[16] ; clk        ; clk      ; None                        ; None                      ; 2.868 ns                ;
; N/A                                     ; 320.20 MHz ( period = 3.123 ns )                    ; fenpin:inst|qout[0]  ; fenpin:inst|qout[14] ; clk        ; clk      ; None                        ; None                      ; 2.864 ns                ;
; N/A                                     ; 321.44 MHz ( period = 3.111 ns )                    ; fenpin:inst|qout[5]  ; fenpin:inst|qout[19] ; clk        ; clk      ; None                        ; None                      ; 2.852 ns                ;
; N/A                                     ; 322.79 MHz ( period = 3.098 ns )                    ; fenpin:inst|qout[8]  ; fenpin:inst|qout[20] ; clk        ; clk      ; None                        ; None                      ; 2.839 ns                ;
; N/A                                     ; 323.31 MHz ( period = 3.093 ns )                    ; fenpin:inst|qout[2]  ; fenpin:inst|qout[14] ; clk        ; clk      ; None                        ; None                      ; 2.834 ns                ;
; N/A                                     ; 323.31 MHz ( period = 3.093 ns )                    ; fenpin:inst|qout[1]  ; fenpin:inst|qout[13] ; clk        ; clk      ; None                        ; None                      ; 2.834 ns                ;
; N/A                                     ; 324.78 MHz ( period = 3.079 ns )                    ; fenpin:inst|qout[4]  ; fenpin:inst|qout[17] ; clk        ; clk      ; None                        ; None                      ; 2.820 ns                ;
; N/A                                     ; 324.78 MHz ( period = 3.079 ns )                    ; fenpin:inst|qout[6]  ; fenpin:inst|qout[19] ; clk        ; clk      ; None                        ; None                      ; 2.820 ns                ;
; N/A                                     ; 325.95 MHz ( period = 3.068 ns )                    ; fenpin:inst|qout[11] ; fenpin:inst|qout[23] ; clk        ; clk      ; None                        ; None                      ; 2.809 ns                ;
; N/A                                     ; 328.08 MHz ( period = 3.048 ns )                    ; fenpin:inst|qout[10] ; fenpin:inst|qout[22] ; clk        ; clk      ; None                        ; None                      ; 2.789 ns                ;
; N/A                                     ; 328.08 MHz ( period = 3.048 ns )                    ; fenpin:inst|qout[9]  ; fenpin:inst|qout[21] ; clk        ; clk      ; None                        ; None                      ; 2.789 ns                ;
; N/A                                     ; 328.84 MHz ( period = 3.041 ns )                    ; fenpin:inst|qout[3]  ; fenpin:inst|qout[15] ; clk        ; clk      ; None                        ; None                      ; 2.782 ns                ;
; N/A                                     ; 329.27 MHz ( period = 3.037 ns )                    ; fenpin:inst|qout[0]  ; fenpin:inst|qout[13] ; clk        ; clk      ; None                        ; None                      ; 2.778 ns                ;
; N/A                                     ; 330.58 MHz ( period = 3.025 ns )                    ; fenpin:inst|qout[5]  ; fenpin:inst|qout[18] ; clk        ; clk      ; None                        ; None                      ; 2.766 ns                ;
; N/A                                     ; 332.56 MHz ( period = 3.007 ns )                    ; fenpin:inst|qout[2]  ; fenpin:inst|qout[13] ; clk        ; clk      ; None                        ; None                      ; 2.748 ns                ;
; N/A                                     ; 332.56 MHz ( period = 3.007 ns )                    ; fenpin:inst|qout[1]  ; fenpin:inst|qout[12] ; clk        ; clk      ; None                        ; None                      ; 2.748 ns                ;
; N/A                                     ; 334.11 MHz ( period = 2.993 ns )                    ; fenpin:inst|qout[4]  ; fenpin:inst|qout[16] ; clk        ; clk      ; None                        ; None                      ; 2.734 ns                ;
; N/A                                     ; 334.11 MHz ( period = 2.993 ns )                    ; fenpin:inst|qout[6]  ; fenpin:inst|qout[18] ; clk        ; clk      ; None                        ; None                      ; 2.734 ns                ;
; N/A                                     ; 335.35 MHz ( period = 2.982 ns )                    ; fenpin:inst|qout[11] ; fenpin:inst|qout[22] ; clk        ; clk      ; None                        ; None                      ; 2.723 ns                ;
; N/A                                     ; 337.61 MHz ( period = 2.962 ns )                    ; fenpin:inst|qout[10] ; fenpin:inst|qout[21] ; clk        ; clk      ; None                        ; None                      ; 2.703 ns                ;
; N/A                                     ; 337.61 MHz ( period = 2.962 ns )                    ; fenpin:inst|qout[9]  ; fenpin:inst|qout[20] ; clk        ; clk      ; None                        ; None                      ; 2.703 ns                ;
; N/A                                     ; 338.41 MHz ( period = 2.955 ns )                    ; fenpin:inst|qout[3]  ; fenpin:inst|qout[14] ; clk        ; clk      ; None                        ; None                      ; 2.696 ns                ;
; N/A                                     ; 338.87 MHz ( period = 2.951 ns )                    ; fenpin:inst|qout[0]  ; fenpin:inst|qout[12] ; clk        ; clk      ; None                        ; None                      ; 2.692 ns                ;
; N/A                                     ; Restricted to 340.02 MHz ( period = 2.941 ns )      ; fenpin:inst|qout[5]  ; fenpin:inst|qout[17] ; clk        ; clk      ; None                        ; None                      ; 2.680 ns                ;
; N/A                                     ; Restricted to 340.02 MHz ( period = 2.941 ns )      ; fenpin:inst|qout[7]  ; fenpin:inst|qout[19] ; clk        ; clk      ; None                        ; None                      ; 2.680 ns                ;
; N/A                                     ; Restricted to 340.02 MHz ( period = 2.941 ns )      ; fenpin:inst|qout[2]  ; fenpin:inst|qout[12] ; clk        ; clk      ; None                        ; None                      ; 2.662 ns                ;
; N/A                                     ; Restricted to 340.02 MHz ( period = 2.941 ns )      ; fenpin:inst|qout[8]  ; fenpin:inst|qout[19] ; clk        ; clk      ; None                        ; None                      ; 2.649 ns                ;
; N/A                                     ; Restricted to 340.02 MHz ( period = 2.941 ns )      ; fenpin:inst|qout[4]  ; fenpin:inst|qout[15] ; clk        ; clk      ; None                        ; None                      ; 2.648 ns                ;
; N/A                                     ; Restricted to 340.02 MHz ( period = 2.941 ns )      ; fenpin:inst|qout[6]  ; fenpin:inst|qout[17] ; clk        ; clk      ; None                        ; None                      ; 2.648 ns                ;
; N/A                                     ; Restricted to 340.02 MHz ( period = 2.941 ns )      ; fenpin:inst|qout[11] ; fenpin:inst|qout[21] ; clk        ; clk      ; None                        ; None                      ; 2.637 ns                ;
; N/A                                     ; Restricted to 340.02 MHz ( period = 2.941 ns )      ; fenpin:inst|qout[10] ; fenpin:inst|qout[20] ; clk        ; clk      ; None                        ; None                      ; 2.617 ns                ;
; N/A                                     ; Restricted to 340.02 MHz ( period = 2.941 ns )      ; fenpin:inst|qout[3]  ; fenpin:inst|qout[13] ; clk        ; clk      ; None                        ; None                      ; 2.610 ns                ;
; N/A                                     ; Restricted to 340.02 MHz ( period = 2.941 ns )      ; fenpin:inst|qout[12] ; fenpin:inst|qout[23] ; clk        ; clk      ; None                        ; None                      ; 2.603 ns                ;
; N/A                                     ; Restricted to 340.02 MHz ( period = 2.941 ns )      ; fenpin:inst|qout[5]  ; fenpin:inst|qout[16] ; clk        ; clk      ; None                        ; None                      ; 2.594 ns                ;
; N/A                                     ; Restricted to 340.02 MHz ( period = 2.941 ns )      ; fenpin:inst|qout[7]  ; fenpin:inst|qout[18] ; clk        ; clk      ; None                        ; None                      ; 2.594 ns                ;
; N/A                                     ; Restricted to 340.02 MHz ( period = 2.941 ns )      ; fenpin:inst|qout[1]  ; fenpin:inst|qout[11] ; clk        ; clk      ; None                        ; None                      ; 2.573 ns                ;
; N/A                                     ; Restricted to 340.02 MHz ( period = 2.941 ns )      ; fenpin:inst|qout[8]  ; fenpin:inst|qout[18] ; clk        ; clk      ; None                        ; None                      ; 2.563 ns                ;
; N/A                                     ; Restricted to 340.02 MHz ( period = 2.941 ns )      ; fenpin:inst|qout[6]  ; fenpin:inst|qout[16] ; clk        ; clk      ; None                        ; None                      ; 2.562 ns                ;
; N/A                                     ; Restricted to 340.02 MHz ( period = 2.941 ns )      ; fenpin:inst|qout[4]  ; fenpin:inst|qout[14] ; clk        ; clk      ; None                        ; None                      ; 2.562 ns                ;
; N/A                                     ; Restricted to 340.02 MHz ( period = 2.941 ns )      ; fenpin:inst|qout[11] ; fenpin:inst|qout[20] ; clk        ; clk      ; None                        ; None                      ; 2.551 ns                ;
; N/A                                     ; Restricted to 340.02 MHz ( period = 2.941 ns )      ; fenpin:inst|qout[13] ; fenpin:inst|qout[23] ; clk        ; clk      ; None                        ; None                      ; 2.531 ns                ;
; N/A                                     ; Restricted to 340.02 MHz ( period = 2.941 ns )      ; fenpin:inst|qout[3]  ; fenpin:inst|qout[12] ; clk        ; clk      ; None                        ; None                      ; 2.524 ns                ;
; N/A                                     ; Restricted to 340.02 MHz ( period = 2.941 ns )      ; fenpin:inst|qout[0]  ; fenpin:inst|qout[11] ; clk        ; clk      ; None                        ; None                      ; 2.517 ns                ;
; N/A                                     ; Restricted to 340.02 MHz ( period = 2.941 ns )      ; fenpin:inst|qout[12] ; fenpin:inst|qout[22] ; clk        ; clk      ; None                        ; None                      ; 2.517 ns                ;
; N/A                                     ; Restricted to 340.02 MHz ( period = 2.941 ns )      ; fenpin:inst|qout[9]  ; fenpin:inst|qout[19] ; clk        ; clk      ; None                        ; None                      ; 2.513 ns                ;
; N/A                                     ; Restricted to 340.02 MHz ( period = 2.941 ns )      ; fenpin:inst|qout[5]  ; fenpin:inst|qout[15] ; clk        ; clk      ; None                        ; None                      ; 2.508 ns                ;
; N/A                                     ; Restricted to 340.02 MHz ( period = 2.941 ns )      ; fenpin:inst|qout[7]  ; fenpin:inst|qout[17] ; clk        ; clk      ; None                        ; None                      ; 2.508 ns                ;
; N/A                                     ; Restricted to 340.02 MHz ( period = 2.941 ns )      ; fenpin:inst|qout[2]  ; fenpin:inst|qout[11] ; clk        ; clk      ; None                        ; None                      ; 2.487 ns                ;
; N/A                                     ; Restricted to 340.02 MHz ( period = 2.941 ns )      ; fenpin:inst|qout[1]  ; fenpin:inst|qout[10] ; clk        ; clk      ; None                        ; None                      ; 2.487 ns                ;
; N/A                                     ; Restricted to 340.02 MHz ( period = 2.941 ns )      ; fenpin:inst|qout[8]  ; fenpin:inst|qout[17] ; clk        ; clk      ; None                        ; None                      ; 2.477 ns                ;
; N/A                                     ; Restricted to 340.02 MHz ( period = 2.941 ns )      ; fenpin:inst|qout[6]  ; fenpin:inst|qout[15] ; clk        ; clk      ; None                        ; None                      ; 2.476 ns                ;
; N/A                                     ; Restricted to 340.02 MHz ( period = 2.941 ns )      ; fenpin:inst|qout[4]  ; fenpin:inst|qout[13] ; clk        ; clk      ; None                        ; None                      ; 2.476 ns                ;
; N/A                                     ; Restricted to 340.02 MHz ( period = 2.941 ns )      ; fenpin:inst|qout[14] ; fenpin:inst|qout[23] ; clk        ; clk      ; None                        ; None                      ; 2.446 ns                ;
; N/A                                     ; Restricted to 340.02 MHz ( period = 2.941 ns )      ; fenpin:inst|qout[13] ; fenpin:inst|qout[22] ; clk        ; clk      ; None                        ; None                      ; 2.445 ns                ;
; N/A                                     ; Restricted to 340.02 MHz ( period = 2.941 ns )      ; fenpin:inst|qout[0]  ; fenpin:inst|qout[10] ; clk        ; clk      ; None                        ; None                      ; 2.431 ns                ;
; N/A                                     ; Restricted to 340.02 MHz ( period = 2.941 ns )      ; fenpin:inst|qout[12] ; fenpin:inst|qout[21] ; clk        ; clk      ; None                        ; None                      ; 2.431 ns                ;
; N/A                                     ; Restricted to 340.02 MHz ( period = 2.941 ns )      ; fenpin:inst|qout[9]  ; fenpin:inst|qout[18] ; clk        ; clk      ; None                        ; None                      ; 2.427 ns                ;
; N/A                                     ; Restricted to 340.02 MHz ( period = 2.941 ns )      ; fenpin:inst|qout[10] ; fenpin:inst|qout[19] ; clk        ; clk      ; None                        ; None                      ; 2.427 ns                ;
; N/A                                     ; Restricted to 340.02 MHz ( period = 2.941 ns )      ; fenpin:inst|qout[7]  ; fenpin:inst|qout[16] ; clk        ; clk      ; None                        ; None                      ; 2.422 ns                ;
; N/A                                     ; Restricted to 340.02 MHz ( period = 2.941 ns )      ; fenpin:inst|qout[5]  ; fenpin:inst|qout[14] ; clk        ; clk      ; None                        ; None                      ; 2.422 ns                ;
; N/A                                     ; Restricted to 340.02 MHz ( period = 2.941 ns )      ; fenpin:inst|qout[15] ; fenpin:inst|qout[23] ; clk        ; clk      ; None                        ; None                      ; 2.409 ns                ;
; N/A                                     ; Restricted to 340.02 MHz ( period = 2.941 ns )      ; fenpin:inst|qout[2]  ; fenpin:inst|qout[10] ; clk        ; clk      ; None                        ; None                      ; 2.401 ns                ;
; N/A                                     ; Restricted to 340.02 MHz ( period = 2.941 ns )      ; fenpin:inst|qout[1]  ; fenpin:inst|qout[9]  ; clk        ; clk      ; None                        ; None                      ; 2.401 ns                ;
; N/A                                     ; Restricted to 340.02 MHz ( period = 2.941 ns )      ; fenpin:inst|qout[8]  ; fenpin:inst|qout[16] ; clk        ; clk      ; None                        ; None                      ; 2.391 ns                ;
; N/A                                     ; Restricted to 340.02 MHz ( period = 2.941 ns )      ; fenpin:inst|qout[6]  ; fenpin:inst|qout[14] ; clk        ; clk      ; None                        ; None                      ; 2.390 ns                ;
; N/A                                     ; Restricted to 340.02 MHz ( period = 2.941 ns )      ; fenpin:inst|qout[4]  ; fenpin:inst|qout[12] ; clk        ; clk      ; None                        ; None                      ; 2.390 ns                ;
; N/A                                     ; Restricted to 340.02 MHz ( period = 2.941 ns )      ; fenpin:inst|qout[14] ; fenpin:inst|qout[22] ; clk        ; clk      ; None                        ; None                      ; 2.360 ns                ;
; N/A                                     ; Restricted to 340.02 MHz ( period = 2.941 ns )      ; fenpin:inst|qout[13] ; fenpin:inst|qout[21] ; clk        ; clk      ; None                        ; None                      ; 2.359 ns                ;
; N/A                                     ; Restricted to 340.02 MHz ( period = 2.941 ns )      ; fenpin:inst|qout[11] ; fenpin:inst|qout[19] ; clk        ; clk      ; None                        ; None                      ; 2.361 ns                ;
; N/A                                     ; Restricted to 340.02 MHz ( period = 2.941 ns )      ; fenpin:inst|qout[3]  ; fenpin:inst|qout[11] ; clk        ; clk      ; None                        ; None                      ; 2.349 ns                ;
; N/A                                     ; Restricted to 340.02 MHz ( period = 2.941 ns )      ; fenpin:inst|qout[0]  ; fenpin:inst|qout[9]  ; clk        ; clk      ; None                        ; None                      ; 2.345 ns                ;
; N/A                                     ; Restricted to 340.02 MHz ( period = 2.941 ns )      ; fenpin:inst|qout[12] ; fenpin:inst|qout[20] ; clk        ; clk      ; None                        ; None                      ; 2.345 ns                ;
; N/A                                     ; Restricted to 340.02 MHz ( period = 2.941 ns )      ; fenpin:inst|qout[10] ; fenpin:inst|qout[18] ; clk        ; clk      ; None                        ; None                      ; 2.341 ns                ;
; N/A                                     ; Restricted to 340.02 MHz ( period = 2.941 ns )      ; fenpin:inst|qout[9]  ; fenpin:inst|qout[17] ; clk        ; clk      ; None                        ; None                      ; 2.341 ns                ;
; N/A                                     ; Restricted to 340.02 MHz ( period = 2.941 ns )      ; fenpin:inst|qout[7]  ; fenpin:inst|qout[15] ; clk        ; clk      ; None                        ; None                      ; 2.336 ns                ;
; N/A                                     ; Restricted to 340.02 MHz ( period = 2.941 ns )      ; fenpin:inst|qout[5]  ; fenpin:inst|qout[13] ; clk        ; clk      ; None                        ; None                      ; 2.336 ns                ;
; N/A                                     ; Restricted to 340.02 MHz ( period = 2.941 ns )      ; fenpin:inst|qout[15] ; fenpin:inst|qout[22] ; clk        ; clk      ; None                        ; None                      ; 2.323 ns                ;
; N/A                                     ; Restricted to 340.02 MHz ( period = 2.941 ns )      ; fenpin:inst|qout[2]  ; fenpin:inst|qout[9]  ; clk        ; clk      ; None                        ; None                      ; 2.315 ns                ;
; N/A                                     ; Restricted to 340.02 MHz ( period = 2.941 ns )      ; fenpin:inst|qout[1]  ; fenpin:inst|qout[8]  ; clk        ; clk      ; None                        ; None                      ; 2.315 ns                ;
; N/A                                     ; Restricted to 340.02 MHz ( period = 2.941 ns )      ; fenpin:inst|qout[8]  ; fenpin:inst|qout[15] ; clk        ; clk      ; None                        ; None                      ; 2.305 ns                ;
; N/A                                     ; Restricted to 340.02 MHz ( period = 2.941 ns )      ; fenpin:inst|qout[6]  ; fenpin:inst|qout[13] ; clk        ; clk      ; None                        ; None                      ; 2.304 ns                ;
; N/A                                     ; Restricted to 340.02 MHz ( period = 2.941 ns )      ; fenpin:inst|qout[16] ; fenpin:inst|qout[23] ; clk        ; clk      ; None                        ; None                      ; 2.278 ns                ;
; N/A                                     ; Restricted to 340.02 MHz ( period = 2.941 ns )      ; fenpin:inst|qout[14] ; fenpin:inst|qout[21] ; clk        ; clk      ; None                        ; None                      ; 2.274 ns                ;
; N/A                                     ; Restricted to 340.02 MHz ( period = 2.941 ns )      ; fenpin:inst|qout[13] ; fenpin:inst|qout[20] ; clk        ; clk      ; None                        ; None                      ; 2.273 ns                ;
; N/A                                     ; Restricted to 340.02 MHz ( period = 2.941 ns )      ; fenpin:inst|qout[11] ; fenpin:inst|qout[18] ; clk        ; clk      ; None                        ; None                      ; 2.275 ns                ;
; N/A                                     ; Restricted to 340.02 MHz ( period = 2.941 ns )      ; fenpin:inst|qout[3]  ; fenpin:inst|qout[10] ; clk        ; clk      ; None                        ; None                      ; 2.263 ns                ;
; N/A                                     ; Restricted to 340.02 MHz ( period = 2.941 ns )      ; fenpin:inst|qout[0]  ; fenpin:inst|qout[8]  ; clk        ; clk      ; None                        ; None                      ; 2.259 ns                ;
; N/A                                     ; Restricted to 340.02 MHz ( period = 2.941 ns )      ; fenpin:inst|qout[9]  ; fenpin:inst|qout[16] ; clk        ; clk      ; None                        ; None                      ; 2.255 ns                ;
; N/A                                     ; Restricted to 340.02 MHz ( period = 2.941 ns )      ; fenpin:inst|qout[10] ; fenpin:inst|qout[17] ; clk        ; clk      ; None                        ; None                      ; 2.255 ns                ;
; N/A                                     ; Restricted to 340.02 MHz ( period = 2.941 ns )      ; fenpin:inst|qout[7]  ; fenpin:inst|qout[14] ; clk        ; clk      ; None                        ; None                      ; 2.250 ns                ;
; N/A                                     ; Restricted to 340.02 MHz ( period = 2.941 ns )      ; fenpin:inst|qout[5]  ; fenpin:inst|qout[12] ; clk        ; clk      ; None                        ; None                      ; 2.250 ns                ;
; N/A                                     ; Restricted to 340.02 MHz ( period = 2.941 ns )      ; fenpin:inst|qout[17] ; fenpin:inst|qout[23] ; clk        ; clk      ; None                        ; None                      ; 2.238 ns                ;
; N/A                                     ; Restricted to 340.02 MHz ( period = 2.941 ns )      ; fenpin:inst|qout[15] ; fenpin:inst|qout[21] ; clk        ; clk      ; None                        ; None                      ; 2.237 ns                ;
; N/A                                     ; Restricted to 340.02 MHz ( period = 2.941 ns )      ; fenpin:inst|qout[2]  ; fenpin:inst|qout[8]  ; clk        ; clk      ; None                        ; None                      ; 2.229 ns                ;
; N/A                                     ; Restricted to 340.02 MHz ( period = 2.941 ns )      ; fenpin:inst|qout[1]  ; fenpin:inst|qout[7]  ; clk        ; clk      ; None                        ; None                      ; 2.229 ns                ;
; N/A                                     ; Restricted to 340.02 MHz ( period = 2.941 ns )      ; fenpin:inst|qout[4]  ; fenpin:inst|qout[11] ; clk        ; clk      ; None                        ; None                      ; 2.215 ns                ;
; N/A                                     ; Restricted to 340.02 MHz ( period = 2.941 ns )      ; fenpin:inst|qout[8]  ; fenpin:inst|qout[14] ; clk        ; clk      ; None                        ; None                      ; 2.219 ns                ;
; N/A                                     ; Restricted to 340.02 MHz ( period = 2.941 ns )      ; fenpin:inst|qout[6]  ; fenpin:inst|qout[12] ; clk        ; clk      ; None                        ; None                      ; 2.218 ns                ;
; N/A                                     ; Restricted to 340.02 MHz ( period = 2.941 ns )      ; fenpin:inst|qout[16] ; fenpin:inst|qout[22] ; clk        ; clk      ; None                        ; None                      ; 2.192 ns                ;
; N/A                                     ; Restricted to 340.02 MHz ( period = 2.941 ns )      ; fenpin:inst|qout[14] ; fenpin:inst|qout[20] ; clk        ; clk      ; None                        ; None                      ; 2.188 ns                ;
; N/A                                     ; Restricted to 340.02 MHz ( period = 2.941 ns )      ; fenpin:inst|qout[11] ; fenpin:inst|qout[17] ; clk        ; clk      ; None                        ; None                      ; 2.189 ns                ;
; N/A                                     ; Restricted to 340.02 MHz ( period = 2.941 ns )      ; fenpin:inst|qout[3]  ; fenpin:inst|qout[9]  ; clk        ; clk      ; None                        ; None                      ; 2.177 ns                ;
; N/A                                     ; Restricted to 340.02 MHz ( period = 2.941 ns )      ; fenpin:inst|qout[0]  ; fenpin:inst|qout[7]  ; clk        ; clk      ; None                        ; None                      ; 2.173 ns                ;
; N/A                                     ; Restricted to 340.02 MHz ( period = 2.941 ns )      ; fenpin:inst|qout[10] ; fenpin:inst|qout[16] ; clk        ; clk      ; None                        ; None                      ; 2.169 ns                ;
; N/A                                     ; Restricted to 340.02 MHz ( period = 2.941 ns )      ; fenpin:inst|qout[9]  ; fenpin:inst|qout[15] ; clk        ; clk      ; None                        ; None                      ; 2.169 ns                ;
; N/A                                     ; Restricted to 340.02 MHz ( period = 2.941 ns )      ; fenpin:inst|qout[7]  ; fenpin:inst|qout[13] ; clk        ; clk      ; None                        ; None                      ; 2.164 ns                ;
; N/A                                     ; Restricted to 340.02 MHz ( period = 2.941 ns )      ; fenpin:inst|qout[18] ; fenpin:inst|qout[23] ; clk        ; clk      ; None                        ; None                      ; 2.155 ns                ;
; N/A                                     ; Restricted to 340.02 MHz ( period = 2.941 ns )      ; fenpin:inst|qout[12] ; fenpin:inst|qout[19] ; clk        ; clk      ; None                        ; None                      ; 2.155 ns                ;
; N/A                                     ; Restricted to 340.02 MHz ( period = 2.941 ns )      ; fenpin:inst|qout[17] ; fenpin:inst|qout[22] ; clk        ; clk      ; None                        ; None                      ; 2.152 ns                ;
; N/A                                     ; Restricted to 340.02 MHz ( period = 2.941 ns )      ; fenpin:inst|qout[15] ; fenpin:inst|qout[20] ; clk        ; clk      ; None                        ; None                      ; 2.151 ns                ;
; N/A                                     ; Restricted to 340.02 MHz ( period = 2.941 ns )      ; fenpin:inst|qout[2]  ; fenpin:inst|qout[7]  ; clk        ; clk      ; None                        ; None                      ; 2.143 ns                ;
; N/A                                     ; Restricted to 340.02 MHz ( period = 2.941 ns )      ; fenpin:inst|qout[1]  ; fenpin:inst|qout[6]  ; clk        ; clk      ; None                        ; None                      ; 2.143 ns                ;
; N/A                                     ; Restricted to 340.02 MHz ( period = 2.941 ns )      ; fenpin:inst|qout[4]  ; fenpin:inst|qout[10] ; clk        ; clk      ; None                        ; None                      ; 2.129 ns                ;
; N/A                                     ; Restricted to 340.02 MHz ( period = 2.941 ns )      ; fenpin:inst|qout[8]  ; fenpin:inst|qout[13] ; clk        ; clk      ; None                        ; None                      ; 2.133 ns                ;
; N/A                                     ; Restricted to 340.02 MHz ( period = 2.941 ns )      ; fenpin:inst|qout[16] ; fenpin:inst|qout[21] ; clk        ; clk      ; None                        ; None                      ; 2.106 ns                ;
; N/A                                     ; Restricted to 340.02 MHz ( period = 2.941 ns )      ; fenpin:inst|qout[11] ; fenpin:inst|qout[16] ; clk        ; clk      ; None                        ; None                      ; 2.103 ns                ;
; N/A                                     ; Restricted to 340.02 MHz ( period = 2.941 ns )      ; fenpin:inst|qout[3]  ; fenpin:inst|qout[8]  ; clk        ; clk      ; None                        ; None                      ; 2.091 ns                ;
; N/A                                     ; Restricted to 340.02 MHz ( period = 2.941 ns )      ; fenpin:inst|qout[0]  ; fenpin:inst|qout[6]  ; clk        ; clk      ; None                        ; None                      ; 2.087 ns                ;
; N/A                                     ; Restricted to 340.02 MHz ( period = 2.941 ns )      ; fenpin:inst|qout[13] ; fenpin:inst|qout[19] ; clk        ; clk      ; None                        ; None                      ; 2.083 ns                ;
; N/A                                     ; Restricted to 340.02 MHz ( period = 2.941 ns )      ; fenpin:inst|qout[10] ; fenpin:inst|qout[15] ; clk        ; clk      ; None                        ; None                      ; 2.083 ns                ;
; N/A                                     ; Restricted to 340.02 MHz ( period = 2.941 ns )      ; fenpin:inst|qout[9]  ; fenpin:inst|qout[14] ; clk        ; clk      ; None                        ; None                      ; 2.083 ns                ;
; N/A                                     ; Restricted to 340.02 MHz ( period = 2.941 ns )      ; fenpin:inst|qout[5]  ; fenpin:inst|qout[11] ; clk        ; clk      ; None                        ; None                      ; 2.075 ns                ;
; N/A                                     ; Restricted to 340.02 MHz ( period = 2.941 ns )      ; fenpin:inst|qout[7]  ; fenpin:inst|qout[12] ; clk        ; clk      ; None                        ; None                      ; 2.078 ns                ;
; N/A                                     ; Restricted to 340.02 MHz ( period = 2.941 ns )      ; fenpin:inst|qout[12] ; fenpin:inst|qout[18] ; clk        ; clk      ; None                        ; None                      ; 2.069 ns                ;
; N/A                                     ; Restricted to 340.02 MHz ( period = 2.941 ns )      ; fenpin:inst|qout[18] ; fenpin:inst|qout[22] ; clk        ; clk      ; None                        ; None                      ; 2.069 ns                ;
; N/A                                     ; Restricted to 340.02 MHz ( period = 2.941 ns )      ; fenpin:inst|qout[17] ; fenpin:inst|qout[21] ; clk        ; clk      ; None                        ; None                      ; 2.066 ns                ;
; N/A                                     ; Restricted to 340.02 MHz ( period = 2.941 ns )      ; fenpin:inst|qout[2]  ; fenpin:inst|qout[6]  ; clk        ; clk      ; None                        ; None                      ; 2.057 ns                ;
; N/A                                     ; Restricted to 340.02 MHz ( period = 2.941 ns )      ; fenpin:inst|qout[1]  ; fenpin:inst|qout[5]  ; clk        ; clk      ; None                        ; None                      ; 2.057 ns                ;
; N/A                                     ; Restricted to 340.02 MHz ( period = 2.941 ns )      ; fenpin:inst|qout[6]  ; fenpin:inst|qout[11] ; clk        ; clk      ; None                        ; None                      ; 2.043 ns                ;
; N/A                                     ; Restricted to 340.02 MHz ( period = 2.941 ns )      ; fenpin:inst|qout[4]  ; fenpin:inst|qout[9]  ; clk        ; clk      ; None                        ; None                      ; 2.043 ns                ;
; N/A                                     ; Restricted to 340.02 MHz ( period = 2.941 ns )      ; fenpin:inst|qout[8]  ; fenpin:inst|qout[12] ; clk        ; clk      ; None                        ; None                      ; 2.047 ns                ;
; N/A                                     ; Restricted to 340.02 MHz ( period = 2.941 ns )      ; fenpin:inst|qout[19] ; fenpin:inst|qout[23] ; clk        ; clk      ; None                        ; None                      ; 2.022 ns                ;
; N/A                                     ; Restricted to 340.02 MHz ( period = 2.941 ns )      ; fenpin:inst|qout[16] ; fenpin:inst|qout[20] ; clk        ; clk      ; None                        ; None                      ; 2.020 ns                ;
; N/A                                     ; Restricted to 340.02 MHz ( period = 2.941 ns )      ; fenpin:inst|qout[11] ; fenpin:inst|qout[15] ; clk        ; clk      ; None                        ; None                      ; 2.017 ns                ;
; N/A                                     ; Restricted to 340.02 MHz ( period = 2.941 ns )      ; fenpin:inst|qout[3]  ; fenpin:inst|qout[7]  ; clk        ; clk      ; None                        ; None                      ; 2.005 ns                ;
; N/A                                     ; Restricted to 340.02 MHz ( period = 2.941 ns )      ; fenpin:inst|qout[0]  ; fenpin:inst|qout[5]  ; clk        ; clk      ; None                        ; None                      ; 2.001 ns                ;
; N/A                                     ; Restricted to 340.02 MHz ( period = 2.941 ns )      ; fenpin:inst|qout[14] ; fenpin:inst|qout[19] ; clk        ; clk      ; None                        ; None                      ; 1.998 ns                ;
; N/A                                     ; Restricted to 340.02 MHz ( period = 2.941 ns )      ; fenpin:inst|qout[13] ; fenpin:inst|qout[18] ; clk        ; clk      ; None                        ; None                      ; 1.997 ns                ;
; N/A                                     ; Restricted to 340.02 MHz ( period = 2.941 ns )      ; fenpin:inst|qout[10] ; fenpin:inst|qout[14] ; clk        ; clk      ; None                        ; None                      ; 1.997 ns                ;
; N/A                                     ; Restricted to 340.02 MHz ( period = 2.941 ns )      ; fenpin:inst|qout[9]  ; fenpin:inst|qout[13] ; clk        ; clk      ; None                        ; None                      ; 1.997 ns                ;
; N/A                                     ; Restricted to 340.02 MHz ( period = 2.941 ns )      ; fenpin:inst|qout[5]  ; fenpin:inst|qout[10] ; clk        ; clk      ; None                        ; None                      ; 1.989 ns                ;
; Timing analysis restricted to 200 rows. ; To change the limit use Settings (Assignments menu) ;                      ;                      ;            ;          ;                             ;                           ;                         ;
+-----------------------------------------+-----------------------------------------------------+----------------------+----------------------+------------+----------+-----------------------------+---------------------------+-------------------------+


+------------------------------------------------------------------------------+
; tco                                                                          ;
+-------+--------------+------------+----------------------+------+------------+
; Slack ; Required tco ; Actual tco ; From                 ; To   ; From Clock ;
+-------+--------------+------------+----------------------+------+------------+
; N/A   ; None         ; 11.123 ns  ; fenpin:inst|qout[18] ; outy ; clk        ;
; N/A   ; None         ; 10.859 ns  ; fenpin:inst|qout[16] ; outy ; clk        ;
; N/A   ; None         ; 10.415 ns  ; fenpin:inst|qout[23] ; outy ; clk        ;
+-------+--------------+------------+----------------------+------+------------+


+-----------------------------------------------------------+
; tpd                                                       ;
+-------+-------------------+-----------------+------+------+
; Slack ; Required P2P Time ; Actual P2P Time ; From ; To   ;
+-------+-------------------+-----------------+------+------+
; N/A   ; None              ; 14.096 ns       ; s0   ; outy ;
; N/A   ; None              ; 13.338 ns       ; s1   ; outy ;
+-------+-------------------+-----------------+------+------+


+--------------------------+
; Timing Analyzer Messages ;
+--------------------------+
Info: *******************************************************************
Info: Running Quartus II 64-Bit Classic Timing Analyzer
    Info: Version 9.1 Build 222 10/21/2009 SJ Full Version
    Info: Processing started: Tue Sep 29 21:04:24 2020
Info: Command: quartus_tan --read_settings_files=off --write_settings_files=off muxk -c muxk --timing_analysis_only
Info: Parallel compilation is enabled and will use 4 of the 4 processors detected
Warning: Found pins functioning as undefined clocks and/or memory enables
    Info: Assuming node "clk" is an undefined clock
Info: Clock "clk" has Internal fmax of 246.49 MHz between source register "fenpin:inst|qout[1]" and destination register "fenpin:inst|qout[23]" (period= 4.057 ns)
    Info: + Longest register to register delay is 3.798 ns
        Info: 1: + IC(0.000 ns) + CELL(0.000 ns) = 0.000 ns; Loc. = LCFF_X33_Y6_N11; Fanout = 2; REG Node = 'fenpin:inst|qout[1]'
        Info: 2: + IC(0.460 ns) + CELL(0.621 ns) = 1.081 ns; Loc. = LCCOMB_X33_Y6_N10; Fanout = 2; COMB Node = 'fenpin:inst|qout[1]~24'
        Info: 3: + IC(0.000 ns) + CELL(0.086 ns) = 1.167 ns; Loc. = LCCOMB_X33_Y6_N12; Fanout = 2; COMB Node = 'fenpin:inst|qout[2]~26'
        Info: 4: + IC(0.000 ns) + CELL(0.190 ns) = 1.357 ns; Loc. = LCCOMB_X33_Y6_N14; Fanout = 2; COMB Node = 'fenpin:inst|qout[3]~28'
        Info: 5: + IC(0.000 ns) + CELL(0.086 ns) = 1.443 ns; Loc. = LCCOMB_X33_Y6_N16; Fanout = 2; COMB Node = 'fenpin:inst|qout[4]~30'
        Info: 6: + IC(0.000 ns) + CELL(0.086 ns) = 1.529 ns; Loc. = LCCOMB_X33_Y6_N18; Fanout = 2; COMB Node = 'fenpin:inst|qout[5]~32'
        Info: 7: + IC(0.000 ns) + CELL(0.086 ns) = 1.615 ns; Loc. = LCCOMB_X33_Y6_N20; Fanout = 2; COMB Node = 'fenpin:inst|qout[6]~34'
        Info: 8: + IC(0.000 ns) + CELL(0.086 ns) = 1.701 ns; Loc. = LCCOMB_X33_Y6_N22; Fanout = 2; COMB Node = 'fenpin:inst|qout[7]~36'
        Info: 9: + IC(0.000 ns) + CELL(0.086 ns) = 1.787 ns; Loc. = LCCOMB_X33_Y6_N24; Fanout = 2; COMB Node = 'fenpin:inst|qout[8]~38'
        Info: 10: + IC(0.000 ns) + CELL(0.086 ns) = 1.873 ns; Loc. = LCCOMB_X33_Y6_N26; Fanout = 2; COMB Node = 'fenpin:inst|qout[9]~40'
        Info: 11: + IC(0.000 ns) + CELL(0.086 ns) = 1.959 ns; Loc. = LCCOMB_X33_Y6_N28; Fanout = 2; COMB Node = 'fenpin:inst|qout[10]~42'
        Info: 12: + IC(0.000 ns) + CELL(0.175 ns) = 2.134 ns; Loc. = LCCOMB_X33_Y6_N30; Fanout = 2; COMB Node = 'fenpin:inst|qout[11]~44'
        Info: 13: + IC(0.000 ns) + CELL(0.086 ns) = 2.220 ns; Loc. = LCCOMB_X33_Y5_N0; Fanout = 2; COMB Node = 'fenpin:inst|qout[12]~46'
        Info: 14: + IC(0.000 ns) + CELL(0.086 ns) = 2.306 ns; Loc. = LCCOMB_X33_Y5_N2; Fanout = 2; COMB Node = 'fenpin:inst|qout[13]~48'
        Info: 15: + IC(0.000 ns) + CELL(0.086 ns) = 2.392 ns; Loc. = LCCOMB_X33_Y5_N4; Fanout = 2; COMB Node = 'fenpin:inst|qout[14]~50'
        Info: 16: + IC(0.000 ns) + CELL(0.086 ns) = 2.478 ns; Loc. = LCCOMB_X33_Y5_N6; Fanout = 2; COMB Node = 'fenpin:inst|qout[15]~52'
        Info: 17: + IC(0.000 ns) + CELL(0.086 ns) = 2.564 ns; Loc. = LCCOMB_X33_Y5_N8; Fanout = 2; COMB Node = 'fenpin:inst|qout[16]~54'
        Info: 18: + IC(0.000 ns) + CELL(0.086 ns) = 2.650 ns; Loc. = LCCOMB_X33_Y5_N10; Fanout = 2; COMB Node = 'fenpin:inst|qout[17]~56'
        Info: 19: + IC(0.000 ns) + CELL(0.086 ns) = 2.736 ns; Loc. = LCCOMB_X33_Y5_N12; Fanout = 2; COMB Node = 'fenpin:inst|qout[18]~58'
        Info: 20: + IC(0.000 ns) + CELL(0.190 ns) = 2.926 ns; Loc. = LCCOMB_X33_Y5_N14; Fanout = 2; COMB Node = 'fenpin:inst|qout[19]~60'
        Info: 21: + IC(0.000 ns) + CELL(0.086 ns) = 3.012 ns; Loc. = LCCOMB_X33_Y5_N16; Fanout = 2; COMB Node = 'fenpin:inst|qout[20]~62'
        Info: 22: + IC(0.000 ns) + CELL(0.086 ns) = 3.098 ns; Loc. = LCCOMB_X33_Y5_N18; Fanout = 2; COMB Node = 'fenpin:inst|qout[21]~64'
        Info: 23: + IC(0.000 ns) + CELL(0.086 ns) = 3.184 ns; Loc. = LCCOMB_X33_Y5_N20; Fanout = 1; COMB Node = 'fenpin:inst|qout[22]~66'
        Info: 24: + IC(0.000 ns) + CELL(0.506 ns) = 3.690 ns; Loc. = LCCOMB_X33_Y5_N22; Fanout = 1; COMB Node = 'fenpin:inst|qout[23]~67'
        Info: 25: + IC(0.000 ns) + CELL(0.108 ns) = 3.798 ns; Loc. = LCFF_X33_Y5_N23; Fanout = 2; REG Node = 'fenpin:inst|qout[23]'
        Info: Total cell delay = 3.338 ns ( 87.89 % )
        Info: Total interconnect delay = 0.460 ns ( 12.11 % )
    Info: - Smallest clock skew is 0.005 ns
        Info: + Shortest clock path from clock "clk" to destination register is 2.867 ns
            Info: 1: + IC(0.000 ns) + CELL(1.140 ns) = 1.140 ns; Loc. = PIN_23; Fanout = 1; CLK Node = 'clk'
            Info: 2: + IC(0.139 ns) + CELL(0.000 ns) = 1.279 ns; Loc. = CLKCTRL_G2; Fanout = 24; COMB Node = 'clk~clkctrl'
            Info: 3: + IC(0.922 ns) + CELL(0.666 ns) = 2.867 ns; Loc. = LCFF_X33_Y5_N23; Fanout = 2; REG Node = 'fenpin:inst|qout[23]'
            Info: Total cell delay = 1.806 ns ( 62.99 % )
            Info: Total interconnect delay = 1.061 ns ( 37.01 % )
        Info: - Longest clock path from clock "clk" to source register is 2.862 ns
            Info: 1: + IC(0.000 ns) + CELL(1.140 ns) = 1.140 ns; Loc. = PIN_23; Fanout = 1; CLK Node = 'clk'
            Info: 2: + IC(0.139 ns) + CELL(0.000 ns) = 1.279 ns; Loc. = CLKCTRL_G2; Fanout = 24; COMB Node = 'clk~clkctrl'
            Info: 3: + IC(0.917 ns) + CELL(0.666 ns) = 2.862 ns; Loc. = LCFF_X33_Y6_N11; Fanout = 2; REG Node = 'fenpin:inst|qout[1]'
            Info: Total cell delay = 1.806 ns ( 63.10 % )
            Info: Total interconnect delay = 1.056 ns ( 36.90 % )
    Info: + Micro clock to output delay of source is 0.304 ns
    Info: + Micro setup delay of destination is -0.040 ns
Info: tco from clock "clk" to destination pin "outy" through register "fenpin:inst|qout[18]" is 11.123 ns
    Info: + Longest clock path from clock "clk" to source register is 2.867 ns
        Info: 1: + IC(0.000 ns) + CELL(1.140 ns) = 1.140 ns; Loc. = PIN_23; Fanout = 1; CLK Node = 'clk'
        Info: 2: + IC(0.139 ns) + CELL(0.000 ns) = 1.279 ns; Loc. = CLKCTRL_G2; Fanout = 24; COMB Node = 'clk~clkctrl'
        Info: 3: + IC(0.922 ns) + CELL(0.666 ns) = 2.867 ns; Loc. = LCFF_X33_Y5_N13; Fanout = 3; REG Node = 'fenpin:inst|qout[18]'
        Info: Total cell delay = 1.806 ns ( 62.99 % )
        Info: Total interconnect delay = 1.061 ns ( 37.01 % )
    Info: + Micro clock to output delay of source is 0.304 ns
    Info: + Longest register to pin delay is 7.952 ns
        Info: 1: + IC(0.000 ns) + CELL(0.000 ns) = 0.000 ns; Loc. = LCFF_X33_Y5_N13; Fanout = 3; REG Node = 'fenpin:inst|qout[18]'
        Info: 2: + IC(0.474 ns) + CELL(0.615 ns) = 1.089 ns; Loc. = LCCOMB_X33_Y5_N24; Fanout = 1; COMB Node = 'mux21a:inst2|y~0'
        Info: 3: + IC(0.374 ns) + CELL(0.319 ns) = 1.782 ns; Loc. = LCCOMB_X33_Y5_N26; Fanout = 1; COMB Node = 'mux21a:inst2|y~1'
        Info: 4: + IC(3.034 ns) + CELL(3.136 ns) = 7.952 ns; Loc. = PIN_3; Fanout = 0; PIN Node = 'outy'
        Info: Total cell delay = 4.070 ns ( 51.18 % )
        Info: Total interconnect delay = 3.882 ns ( 48.82 % )
Info: Longest tpd from source pin "s0" to destination pin "outy" is 14.096 ns
    Info: 1: + IC(0.000 ns) + CELL(0.975 ns) = 0.975 ns; Loc. = PIN_112; Fanout = 1; PIN Node = 's0'
    Info: 2: + IC(5.669 ns) + CELL(0.589 ns) = 7.233 ns; Loc. = LCCOMB_X33_Y5_N24; Fanout = 1; COMB Node = 'mux21a:inst2|y~0'
    Info: 3: + IC(0.374 ns) + CELL(0.319 ns) = 7.926 ns; Loc. = LCCOMB_X33_Y5_N26; Fanout = 1; COMB Node = 'mux21a:inst2|y~1'
    Info: 4: + IC(3.034 ns) + CELL(3.136 ns) = 14.096 ns; Loc. = PIN_3; Fanout = 0; PIN Node = 'outy'
    Info: Total cell delay = 5.019 ns ( 35.61 % )
    Info: Total interconnect delay = 9.077 ns ( 64.39 % )
Info: Quartus II 64-Bit Classic Timing Analyzer was successful. 0 errors, 1 warning
    Info: Peak virtual memory: 4362 megabytes
    Info: Processing ended: Tue Sep 29 21:04:25 2020
    Info: Elapsed time: 00:00:01
    Info: Total CPU time (on all processors): 00:00:00


